{"/Users/adarshsinghchauhan/Documents/test/Nagarro-Test/src/App.tsx": {"path":"/Users/adarshsinghchauhan/Documents/test/Nagarro-Test/src/App.tsx","statementMap":{"0":{"start":{"line":18,"column":19},"end":{"line":18,"column":28}},"1":{"start":{"line":20,"column":2},"end":{"line":43,"column":4}}},"fnMap":{"0":{"name":"App","decl":{"start":{"line":17,"column":9},"end":{"line":17,"column":12}},"loc":{"start":{"line":17,"column":15},"end":{"line":44,"column":1}},"line":17}},"branchMap":{"0":{"loc":{"start":{"line":33,"column":11},"end":{"line":38,"column":11}},"type":"binary-expr","locations":[{"start":{"line":33,"column":11},"end":{"line":33,"column":15}},{"start":{"line":34,"column":12},"end":{"line":37,"column":15}}],"line":33}},"s":{"0":0,"1":0},"f":{"0":0},"b":{"0":[0,0]}}
,"/Users/adarshsinghchauhan/Documents/test/Nagarro-Test/src/components/Footer.tsx": {"path":"/Users/adarshsinghchauhan/Documents/test/Nagarro-Test/src/components/Footer.tsx","statementMap":{"0":{"start":{"line":5,"column":25},"end":{"line":19,"column":1}},"1":{"start":{"line":6,"column":19},"end":{"line":6,"column":28}},"2":{"start":{"line":7,"column":2},"end":{"line":18,"column":4}}},"fnMap":{"0":{"name":"(anonymous_0)","decl":{"start":{"line":5,"column":25},"end":{"line":5,"column":26}},"loc":{"start":{"line":5,"column":31},"end":{"line":19,"column":1}},"line":5}},"branchMap":{"0":{"loc":{"start":{"line":14,"column":11},"end":{"line":14,"column":102}},"type":"binary-expr","locations":[{"start":{"line":14,"column":11},"end":{"line":14,"column":33}},{"start":{"line":14,"column":37},"end":{"line":14,"column":102}}],"line":14}},"s":{"0":1,"1":2,"2":2},"f":{"0":2},"b":{"0":[2,0]},"_coverageSchema":"1a1c01bbd47fc00a2c39e90264f33305004495a9","hash":"f81a4e8982918e56a8c20f2de1918d1293901222"}
,"/Users/adarshsinghchauhan/Documents/test/Nagarro-Test/src/components/Header.tsx": {"path":"/Users/adarshsinghchauhan/Documents/test/Nagarro-Test/src/components/Header.tsx","statementMap":{"0":{"start":{"line":7,"column":25},"end":{"line":47,"column":1}},"1":{"start":{"line":8,"column":27},"end":{"line":8,"column":36}},"2":{"start":{"line":9,"column":28},"end":{"line":9,"column":37}},"3":{"start":{"line":10,"column":19},"end":{"line":10,"column":32}},"4":{"start":{"line":11,"column":20},"end":{"line":11,"column":35}},"5":{"start":{"line":13,"column":2},"end":{"line":46,"column":4}},"6":{"start":{"line":23,"column":33},"end":{"line":23,"column":50}}},"fnMap":{"0":{"name":"(anonymous_0)","decl":{"start":{"line":7,"column":25},"end":{"line":7,"column":26}},"loc":{"start":{"line":7,"column":31},"end":{"line":47,"column":1}},"line":7},"1":{"name":"(anonymous_1)","decl":{"start":{"line":23,"column":27},"end":{"line":23,"column":28}},"loc":{"start":{"line":23,"column":33},"end":{"line":23,"column":50}},"line":23}},"branchMap":{"0":{"loc":{"start":{"line":25,"column":13},"end":{"line":29,"column":13}},"type":"binary-expr","locations":[{"start":{"line":25,"column":13},"end":{"line":25,"column":26}},{"start":{"line":26,"column":14},"end":{"line":28,"column":21}}],"line":25},"1":{"loc":{"start":{"line":31,"column":11},"end":{"line":42,"column":11}},"type":"cond-expr","locations":[{"start":{"line":32,"column":12},"end":{"line":36,"column":18}},{"start":{"line":38,"column":12},"end":{"line":41,"column":15}}],"line":31}},"s":{"0":1,"1":7,"2":7,"3":7,"4":7,"5":7,"6":1},"f":{"0":7,"1":1},"b":{"0":[7,1],"1":[2,5]},"_coverageSchema":"1a1c01bbd47fc00a2c39e90264f33305004495a9","hash":"ab202ec62091c1277b2ef17110423872a2114d1c"}
,"/Users/adarshsinghchauhan/Documents/test/Nagarro-Test/src/components/LoadingState.tsx": {"path":"/Users/adarshsinghchauhan/Documents/test/Nagarro-Test/src/components/LoadingState.tsx","statementMap":{"0":{"start":{"line":9,"column":50},"end":{"line":57,"column":1}},"1":{"start":{"line":14,"column":40},"end":{"line":14,"column":55}},"2":{"start":{"line":16,"column":2},"end":{"line":23,"column":9}},"3":{"start":{"line":18,"column":18},"end":{"line":20,"column":11}},"4":{"start":{"line":19,"column":6},"end":{"line":19,"column":27}},"5":{"start":{"line":22,"column":4},"end":{"line":22,"column":37}},"6":{"start":{"line":22,"column":17},"end":{"line":22,"column":36}},"7":{"start":{"line":25,"column":2},"end":{"line":27,"column":3}},"8":{"start":{"line":26,"column":4},"end":{"line":26,"column":16}},"9":{"start":{"line":29,"column":22},"end":{"line":33,"column":3}},"10":{"start":{"line":36,"column":4},"end":{"line":45,"column":10}},"11":{"start":{"line":48,"column":2},"end":{"line":54,"column":3}},"12":{"start":{"line":49,"column":4},"end":{"line":53,"column":6}},"13":{"start":{"line":56,"column":2},"end":{"line":56,"column":17}}},"fnMap":{"0":{"name":"(anonymous_0)","decl":{"start":{"line":9,"column":50},"end":{"line":9,"column":51}},"loc":{"start":{"line":13,"column":6},"end":{"line":57,"column":1}},"line":13},"1":{"name":"(anonymous_1)","decl":{"start":{"line":16,"column":12},"end":{"line":16,"column":13}},"loc":{"start":{"line":16,"column":18},"end":{"line":23,"column":3}},"line":16},"2":{"name":"(anonymous_2)","decl":{"start":{"line":18,"column":29},"end":{"line":18,"column":30}},"loc":{"start":{"line":18,"column":35},"end":{"line":20,"column":5}},"line":18},"3":{"name":"(anonymous_3)","decl":{"start":{"line":22,"column":11},"end":{"line":22,"column":12}},"loc":{"start":{"line":22,"column":17},"end":{"line":22,"column":36}},"line":22}},"branchMap":{"0":{"loc":{"start":{"line":10,"column":2},"end":{"line":10,"column":17}},"type":"default-arg","locations":[{"start":{"line":10,"column":9},"end":{"line":10,"column":17}}],"line":10},"1":{"loc":{"start":{"line":11,"column":2},"end":{"line":11,"column":20}},"type":"default-arg","locations":[{"start":{"line":11,"column":15},"end":{"line":11,"column":20}}],"line":11},"2":{"loc":{"start":{"line":12,"column":2},"end":{"line":12,"column":21}},"type":"default-arg","locations":[{"start":{"line":12,"column":9},"end":{"line":12,"column":21}}],"line":12},"3":{"loc":{"start":{"line":25,"column":2},"end":{"line":27,"column":3}},"type":"if","locations":[{"start":{"line":25,"column":2},"end":{"line":27,"column":3}},{"start":{},"end":{}}],"line":25},"4":{"loc":{"start":{"line":42,"column":7},"end":{"line":44,"column":7}},"type":"binary-expr","locations":[{"start":{"line":42,"column":7},"end":{"line":42,"column":11}},{"start":{"line":43,"column":8},"end":{"line":43,"column":60}}],"line":42},"5":{"loc":{"start":{"line":48,"column":2},"end":{"line":54,"column":3}},"type":"if","locations":[{"start":{"line":48,"column":2},"end":{"line":54,"column":3}},{"start":{},"end":{}}],"line":48}},"s":{"0":0,"1":0,"2":0,"3":0,"4":0,"5":0,"6":0,"7":0,"8":0,"9":0,"10":0,"11":0,"12":0,"13":0},"f":{"0":0,"1":0,"2":0,"3":0},"b":{"0":[0],"1":[0],"2":[0],"3":[0,0],"4":[0,0],"5":[0,0]}}
,"/Users/adarshsinghchauhan/Documents/test/Nagarro-Test/src/components/SEO.tsx": {"path":"/Users/adarshsinghchauhan/Documents/test/Nagarro-Test/src/components/SEO.tsx","statementMap":{"0":{"start":{"line":13,"column":32},"end":{"line":56,"column":1}},"1":{"start":{"line":21,"column":20},"end":{"line":21,"column":27}},"2":{"start":{"line":22,"column":20},"end":{"line":22,"column":75}},"3":{"start":{"line":24,"column":2},"end":{"line":55,"column":4}}},"fnMap":{"0":{"name":"(anonymous_0)","decl":{"start":{"line":13,"column":32},"end":{"line":13,"column":33}},"loc":{"start":{"line":20,"column":6},"end":{"line":56,"column":1}},"line":20}},"branchMap":{"0":{"loc":{"start":{"line":14,"column":2},"end":{"line":14,"column":35}},"type":"default-arg","locations":[{"start":{"line":14,"column":10},"end":{"line":14,"column":35}}],"line":14},"1":{"loc":{"start":{"line":15,"column":2},"end":{"line":15,"column":123}},"type":"default-arg","locations":[{"start":{"line":15,"column":16},"end":{"line":15,"column":123}}],"line":15},"2":{"loc":{"start":{"line":16,"column":2},"end":{"line":16,"column":94}},"type":"default-arg","locations":[{"start":{"line":16,"column":13},"end":{"line":16,"column":94}}],"line":16},"3":{"loc":{"start":{"line":17,"column":2},"end":{"line":17,"column":25}},"type":"default-arg","locations":[{"start":{"line":17,"column":10},"end":{"line":17,"column":25}}],"line":17},"4":{"loc":{"start":{"line":18,"column":2},"end":{"line":18,"column":28}},"type":"default-arg","locations":[{"start":{"line":18,"column":8},"end":{"line":18,"column":28}}],"line":18},"5":{"loc":{"start":{"line":19,"column":2},"end":{"line":19,"column":18}},"type":"default-arg","locations":[{"start":{"line":19,"column":9},"end":{"line":19,"column":18}}],"line":19},"6":{"loc":{"start":{"line":22,"column":20},"end":{"line":22,"column":75}},"type":"cond-expr","locations":[{"start":{"line":22,"column":42},"end":{"line":22,"column":47}},{"start":{"line":22,"column":50},"end":{"line":22,"column":75}}],"line":22}},"s":{"0":1,"1":10,"2":10,"3":10},"f":{"0":10},"b":{"0":[6],"1":[8],"2":[8],"3":[8],"4":[8],"5":[8],"6":[1,9]},"_coverageSchema":"1a1c01bbd47fc00a2c39e90264f33305004495a9","hash":"e7bbe785a229a4ad347383419ef2b0ed4b142975"}
,"/Users/adarshsinghchauhan/Documents/test/Nagarro-Test/src/contexts/AuthContext.tsx": {"path":"/Users/adarshsinghchauhan/Documents/test/Nagarro-Test/src/contexts/AuthContext.tsx","statementMap":{"0":{"start":{"line":13,"column":20},"end":{"line":13,"column":73}},"1":{"start":{"line":15,"column":23},"end":{"line":21,"column":1}},"2":{"start":{"line":16,"column":18},"end":{"line":16,"column":41}},"3":{"start":{"line":17,"column":2},"end":{"line":19,"column":3}},"4":{"start":{"line":18,"column":4},"end":{"line":18,"column":67}},"5":{"start":{"line":20,"column":2},"end":{"line":20,"column":17}},"6":{"start":{"line":27,"column":57},"end":{"line":88,"column":1}},"7":{"start":{"line":28,"column":26},"end":{"line":28,"column":53}},"8":{"start":{"line":29,"column":32},"end":{"line":29,"column":46}},"9":{"start":{"line":31,"column":2},"end":{"line":48,"column":9}},"10":{"start":{"line":32,"column":21},"end":{"line":45,"column":5}},"11":{"start":{"line":33,"column":6},"end":{"line":44,"column":7}},"12":{"start":{"line":34,"column":22},"end":{"line":34,"column":51}},"13":{"start":{"line":35,"column":8},"end":{"line":38,"column":9}},"14":{"start":{"line":36,"column":30},"end":{"line":36,"column":60}},"15":{"start":{"line":37,"column":10},"end":{"line":37,"column":31}},"16":{"start":{"line":40,"column":8},"end":{"line":40,"column":59}},"17":{"start":{"line":41,"column":8},"end":{"line":41,"column":41}},"18":{"start":{"line":43,"column":8},"end":{"line":43,"column":26}},"19":{"start":{"line":47,"column":4},"end":{"line":47,"column":15}},"20":{"start":{"line":50,"column":16},"end":{"line":58,"column":3}},"21":{"start":{"line":51,"column":4},"end":{"line":57,"column":5}},"22":{"start":{"line":52,"column":30},"end":{"line":52,"column":66}},"23":{"start":{"line":53,"column":6},"end":{"line":53,"column":20}},"24":{"start":{"line":54,"column":6},"end":{"line":54,"column":43}},"25":{"start":{"line":56,"column":6},"end":{"line":56,"column":18}},"26":{"start":{"line":60,"column":19},"end":{"line":68,"column":3}},"27":{"start":{"line":61,"column":4},"end":{"line":67,"column":5}},"28":{"start":{"line":62,"column":30},"end":{"line":62,"column":62}},"29":{"start":{"line":63,"column":6},"end":{"line":63,"column":20}},"30":{"start":{"line":64,"column":6},"end":{"line":64,"column":43}},"31":{"start":{"line":66,"column":6},"end":{"line":66,"column":18}},"32":{"start":{"line":70,"column":17},"end":{"line":73,"column":3}},"33":{"start":{"line":71,"column":4},"end":{"line":71,"column":18}},"34":{"start":{"line":72,"column":4},"end":{"line":72,"column":37}},"35":{"start":{"line":75,"column":16},"end":{"line":81,"column":3}},"36":{"start":{"line":83,"column":2},"end":{"line":87,"column":4}}},"fnMap":{"0":{"name":"(anonymous_0)","decl":{"start":{"line":15,"column":23},"end":{"line":15,"column":24}},"loc":{"start":{"line":15,"column":29},"end":{"line":21,"column":1}},"line":15},"1":{"name":"(anonymous_1)","decl":{"start":{"line":27,"column":57},"end":{"line":27,"column":58}},"loc":{"start":{"line":27,"column":75},"end":{"line":88,"column":1}},"line":27},"2":{"name":"(anonymous_2)","decl":{"start":{"line":31,"column":12},"end":{"line":31,"column":13}},"loc":{"start":{"line":31,"column":18},"end":{"line":48,"column":3}},"line":31},"3":{"name":"(anonymous_3)","decl":{"start":{"line":32,"column":21},"end":{"line":32,"column":22}},"loc":{"start":{"line":32,"column":33},"end":{"line":45,"column":5}},"line":32},"4":{"name":"(anonymous_4)","decl":{"start":{"line":50,"column":16},"end":{"line":50,"column":17}},"loc":{"start":{"line":50,"column":59},"end":{"line":58,"column":3}},"line":50},"5":{"name":"(anonymous_5)","decl":{"start":{"line":60,"column":19},"end":{"line":60,"column":20}},"loc":{"start":{"line":60,"column":44},"end":{"line":68,"column":3}},"line":60},"6":{"name":"(anonymous_6)","decl":{"start":{"line":70,"column":17},"end":{"line":70,"column":18}},"loc":{"start":{"line":70,"column":23},"end":{"line":73,"column":3}},"line":70}},"branchMap":{"0":{"loc":{"start":{"line":17,"column":2},"end":{"line":19,"column":3}},"type":"if","locations":[{"start":{"line":17,"column":2},"end":{"line":19,"column":3}},{"start":{},"end":{}}],"line":17},"1":{"loc":{"start":{"line":35,"column":8},"end":{"line":38,"column":9}},"type":"if","locations":[{"start":{"line":35,"column":8},"end":{"line":38,"column":9}},{"start":{},"end":{}}],"line":35}},"s":{"0":3,"1":3,"2":21,"3":21,"4":0,"5":21,"6":3,"7":33,"8":33,"9":33,"10":15,"11":15,"12":15,"13":15,"14":3,"15":2,"16":1,"17":1,"18":15,"19":15,"20":33,"21":2,"22":2,"23":1,"24":1,"25":1,"26":33,"27":2,"28":2,"29":1,"30":1,"31":1,"32":33,"33":1,"34":1,"35":33,"36":33},"f":{"0":21,"1":33,"2":15,"3":15,"4":2,"5":2,"6":1},"b":{"0":[0,21],"1":[3,12]},"_coverageSchema":"1a1c01bbd47fc00a2c39e90264f33305004495a9","hash":"22ad3ca9eb4a317c5e65982bfa959f96186ab3d0"}
,"/Users/adarshsinghchauhan/Documents/test/Nagarro-Test/src/contexts/CartContext.tsx": {"path":"/Users/adarshsinghchauhan/Documents/test/Nagarro-Test/src/contexts/CartContext.tsx","statementMap":{"0":{"start":{"line":16,"column":20},"end":{"line":16,"column":73}},"1":{"start":{"line":18,"column":23},"end":{"line":24,"column":1}},"2":{"start":{"line":19,"column":18},"end":{"line":19,"column":41}},"3":{"start":{"line":20,"column":2},"end":{"line":22,"column":3}},"4":{"start":{"line":21,"column":4},"end":{"line":21,"column":66}},"5":{"start":{"line":23,"column":2},"end":{"line":23,"column":17}},"6":{"start":{"line":30,"column":57},"end":{"line":117,"column":1}},"7":{"start":{"line":31,"column":28},"end":{"line":31,"column":52}},"8":{"start":{"line":32,"column":32},"end":{"line":32,"column":46}},"9":{"start":{"line":34,"column":2},"end":{"line":36,"column":9}},"10":{"start":{"line":35,"column":4},"end":{"line":35,"column":15}},"11":{"start":{"line":38,"column":19},"end":{"line":48,"column":3}},"12":{"start":{"line":39,"column":4},"end":{"line":47,"column":5}},"13":{"start":{"line":40,"column":6},"end":{"line":40,"column":23}},"14":{"start":{"line":41,"column":24},"end":{"line":41,"column":43}},"15":{"start":{"line":42,"column":6},"end":{"line":42,"column":26}},"16":{"start":{"line":44,"column":6},"end":{"line":44,"column":50}},"17":{"start":{"line":46,"column":6},"end":{"line":46,"column":24}},"18":{"start":{"line":50,"column":20},"end":{"line":58,"column":3}},"19":{"start":{"line":51,"column":4},"end":{"line":57,"column":5}},"20":{"start":{"line":52,"column":26},"end":{"line":52,"column":83}},"21":{"start":{"line":53,"column":6},"end":{"line":53,"column":28}},"22":{"start":{"line":55,"column":6},"end":{"line":55,"column":52}},"23":{"start":{"line":56,"column":6},"end":{"line":56,"column":18}},"24":{"start":{"line":60,"column":25},"end":{"line":68,"column":3}},"25":{"start":{"line":61,"column":4},"end":{"line":67,"column":5}},"26":{"start":{"line":62,"column":26},"end":{"line":62,"column":68}},"27":{"start":{"line":63,"column":6},"end":{"line":63,"column":28}},"28":{"start":{"line":65,"column":6},"end":{"line":65,"column":51}},"29":{"start":{"line":66,"column":6},"end":{"line":66,"column":18}},"30":{"start":{"line":70,"column":25},"end":{"line":78,"column":3}},"31":{"start":{"line":71,"column":4},"end":{"line":77,"column":5}},"32":{"start":{"line":72,"column":26},"end":{"line":72,"column":58}},"33":{"start":{"line":73,"column":6},"end":{"line":73,"column":28}},"34":{"start":{"line":75,"column":6},"end":{"line":75,"column":56}},"35":{"start":{"line":76,"column":6},"end":{"line":76,"column":18}},"36":{"start":{"line":80,"column":20},"end":{"line":88,"column":3}},"37":{"start":{"line":81,"column":4},"end":{"line":87,"column":5}},"38":{"start":{"line":82,"column":6},"end":{"line":82,"column":28}},"39":{"start":{"line":83,"column":6},"end":{"line":83,"column":19}},"40":{"start":{"line":85,"column":6},"end":{"line":85,"column":51}},"41":{"start":{"line":86,"column":6},"end":{"line":86,"column":18}},"42":{"start":{"line":90,"column":24},"end":{"line":92,"column":3}},"43":{"start":{"line":91,"column":4},"end":{"line":91,"column":67}},"44":{"start":{"line":91,"column":41},"end":{"line":91,"column":62}},"45":{"start":{"line":94,"column":24},"end":{"line":99,"column":3}},"46":{"start":{"line":95,"column":4},"end":{"line":98,"column":10}},"47":{"start":{"line":96,"column":20},"end":{"line":96,"column":38}},"48":{"start":{"line":97,"column":6},"end":{"line":97,"column":45}},"49":{"start":{"line":101,"column":16},"end":{"line":110,"column":3}},"50":{"start":{"line":112,"column":2},"end":{"line":116,"column":4}}},"fnMap":{"0":{"name":"(anonymous_0)","decl":{"start":{"line":18,"column":23},"end":{"line":18,"column":24}},"loc":{"start":{"line":18,"column":29},"end":{"line":24,"column":1}},"line":18},"1":{"name":"(anonymous_1)","decl":{"start":{"line":30,"column":57},"end":{"line":30,"column":58}},"loc":{"start":{"line":30,"column":75},"end":{"line":117,"column":1}},"line":30},"2":{"name":"(anonymous_2)","decl":{"start":{"line":34,"column":12},"end":{"line":34,"column":13}},"loc":{"start":{"line":34,"column":18},"end":{"line":36,"column":3}},"line":34},"3":{"name":"(anonymous_3)","decl":{"start":{"line":38,"column":19},"end":{"line":38,"column":20}},"loc":{"start":{"line":38,"column":31},"end":{"line":48,"column":3}},"line":38},"4":{"name":"(anonymous_4)","decl":{"start":{"line":50,"column":20},"end":{"line":50,"column":21}},"loc":{"start":{"line":50,"column":97},"end":{"line":58,"column":3}},"line":50},"5":{"name":"(anonymous_5)","decl":{"start":{"line":60,"column":25},"end":{"line":60,"column":26}},"loc":{"start":{"line":60,"column":69},"end":{"line":68,"column":3}},"line":60},"6":{"name":"(anonymous_6)","decl":{"start":{"line":70,"column":25},"end":{"line":70,"column":26}},"loc":{"start":{"line":70,"column":51},"end":{"line":78,"column":3}},"line":70},"7":{"name":"(anonymous_7)","decl":{"start":{"line":80,"column":20},"end":{"line":80,"column":21}},"loc":{"start":{"line":80,"column":32},"end":{"line":88,"column":3}},"line":80},"8":{"name":"(anonymous_8)","decl":{"start":{"line":90,"column":24},"end":{"line":90,"column":25}},"loc":{"start":{"line":90,"column":30},"end":{"line":92,"column":3}},"line":90},"9":{"name":"(anonymous_9)","decl":{"start":{"line":91,"column":24},"end":{"line":91,"column":25}},"loc":{"start":{"line":91,"column":41},"end":{"line":91,"column":62}},"line":91},"10":{"name":"(anonymous_10)","decl":{"start":{"line":94,"column":24},"end":{"line":94,"column":25}},"loc":{"start":{"line":94,"column":30},"end":{"line":99,"column":3}},"line":94},"11":{"name":"(anonymous_11)","decl":{"start":{"line":95,"column":24},"end":{"line":95,"column":25}},"loc":{"start":{"line":95,"column":41},"end":{"line":98,"column":5}},"line":95}},"branchMap":{"0":{"loc":{"start":{"line":20,"column":2},"end":{"line":22,"column":3}},"type":"if","locations":[{"start":{"line":20,"column":2},"end":{"line":22,"column":3}},{"start":{},"end":{}}],"line":20}},"s":{"0":3,"1":3,"2":20,"3":20,"4":0,"5":20,"6":3,"7":27,"8":27,"9":27,"10":15,"11":27,"12":15,"13":15,"14":15,"15":8,"16":0,"17":8,"18":27,"19":1,"20":1,"21":1,"22":0,"23":0,"24":27,"25":1,"26":1,"27":1,"28":0,"29":0,"30":27,"31":1,"32":1,"33":1,"34":0,"35":0,"36":27,"37":1,"38":1,"39":1,"40":0,"41":0,"42":27,"43":1,"44":2,"45":27,"46":2,"47":3,"48":3,"49":27,"50":27},"f":{"0":20,"1":27,"2":15,"3":15,"4":1,"5":1,"6":1,"7":1,"8":1,"9":2,"10":2,"11":3},"b":{"0":[0,20]},"_coverageSchema":"1a1c01bbd47fc00a2c39e90264f33305004495a9","hash":"a2a36d3d195c3551ee09ded272c83c57a14ba8a1"}
,"/Users/adarshsinghchauhan/Documents/test/Nagarro-Test/src/data/mockData.ts": {"path":"/Users/adarshsinghchauhan/Documents/test/Nagarro-Test/src/data/mockData.ts","statementMap":{"0":{"start":{"line":83,"column":39},"end":{"line":260,"column":1}},"1":{"start":{"line":263,"column":30},"end":{"line":281,"column":1}},"2":{"start":{"line":284,"column":36},"end":{"line":299,"column":1}},"3":{"start":{"line":302,"column":35},"end":{"line":362,"column":1}},"4":{"start":{"line":365,"column":35},"end":{"line":402,"column":1}},"5":{"start":{"line":405,"column":23},"end":{"line":616,"column":1}},"6":{"start":{"line":409,"column":4},"end":{"line":409,"column":59}},"7":{"start":{"line":409,"column":33},"end":{"line":409,"column":57}},"8":{"start":{"line":411,"column":27},"end":{"line":411,"column":44}},"9":{"start":{"line":413,"column":4},"end":{"line":444,"column":5}},"10":{"start":{"line":414,"column":6},"end":{"line":416,"column":7}},"11":{"start":{"line":415,"column":8},"end":{"line":415,"column":89}},"12":{"start":{"line":415,"column":56},"end":{"line":415,"column":87}},"13":{"start":{"line":418,"column":6},"end":{"line":420,"column":7}},"14":{"start":{"line":419,"column":8},"end":{"line":419,"column":72}},"15":{"start":{"line":419,"column":56},"end":{"line":419,"column":70}},"16":{"start":{"line":422,"column":6},"end":{"line":424,"column":7}},"17":{"start":{"line":423,"column":8},"end":{"line":423,"column":85}},"18":{"start":{"line":423,"column":56},"end":{"line":423,"column":83}},"19":{"start":{"line":426,"column":6},"end":{"line":428,"column":7}},"20":{"start":{"line":427,"column":8},"end":{"line":427,"column":85}},"21":{"start":{"line":427,"column":56},"end":{"line":427,"column":83}},"22":{"start":{"line":430,"column":6},"end":{"line":437,"column":7}},"23":{"start":{"line":431,"column":27},"end":{"line":431,"column":55}},"24":{"start":{"line":432,"column":8},"end":{"line":436,"column":10}},"25":{"start":{"line":433,"column":10},"end":{"line":435,"column":52}},"26":{"start":{"line":439,"column":6},"end":{"line":443,"column":7}},"27":{"start":{"line":440,"column":8},"end":{"line":442,"column":10}},"28":{"start":{"line":441,"column":10},"end":{"line":441,"column":83}},"29":{"start":{"line":441,"column":29},"end":{"line":441,"column":82}},"30":{"start":{"line":446,"column":4},"end":{"line":446,"column":28}},"31":{"start":{"line":450,"column":4},"end":{"line":450,"column":59}},"32":{"start":{"line":450,"column":33},"end":{"line":450,"column":57}},"33":{"start":{"line":451,"column":4},"end":{"line":451,"column":56}},"34":{"start":{"line":451,"column":34},"end":{"line":451,"column":46}},"35":{"start":{"line":455,"column":4},"end":{"line":455,"column":59}},"36":{"start":{"line":455,"column":33},"end":{"line":455,"column":57}},"37":{"start":{"line":456,"column":4},"end":{"line":456,"column":50}},"38":{"start":{"line":456,"column":36},"end":{"line":456,"column":48}},"39":{"start":{"line":461,"column":4},"end":{"line":461,"column":59}},"40":{"start":{"line":461,"column":33},"end":{"line":461,"column":57}},"41":{"start":{"line":462,"column":23},"end":{"line":462,"column":70}},"42":{"start":{"line":462,"column":57},"end":{"line":462,"column":67}},"43":{"start":{"line":463,"column":4},"end":{"line":463,"column":34}},"44":{"start":{"line":468,"column":4},"end":{"line":468,"column":59}},"45":{"start":{"line":468,"column":33},"end":{"line":468,"column":57}},"46":{"start":{"line":469,"column":4},"end":{"line":469,"column":25}},"47":{"start":{"line":473,"column":4},"end":{"line":473,"column":59}},"48":{"start":{"line":473,"column":33},"end":{"line":473,"column":57}},"49":{"start":{"line":474,"column":20},"end":{"line":474,"column":63}},"50":{"start":{"line":474,"column":43},"end":{"line":474,"column":62}},"51":{"start":{"line":475,"column":4},"end":{"line":475,"column":55}},"52":{"start":{"line":475,"column":18},"end":{"line":475,"column":55}},"53":{"start":{"line":477,"column":30},"end":{"line":481,"column":5}},"54":{"start":{"line":478,"column":6},"end":{"line":480,"column":32}},"55":{"start":{"line":483,"column":20},"end":{"line":483,"column":33}},"56":{"start":{"line":485,"column":4},"end":{"line":498,"column":5}},"57":{"start":{"line":486,"column":6},"end":{"line":489,"column":8}},"58":{"start":{"line":491,"column":6},"end":{"line":497,"column":9}},"59":{"start":{"line":500,"column":4},"end":{"line":500,"column":24}},"60":{"start":{"line":501,"column":4},"end":{"line":501,"column":30}},"61":{"start":{"line":502,"column":4},"end":{"line":502,"column":24}},"62":{"start":{"line":506,"column":4},"end":{"line":506,"column":59}},"63":{"start":{"line":506,"column":33},"end":{"line":506,"column":57}},"64":{"start":{"line":507,"column":22},"end":{"line":507,"column":69}},"65":{"start":{"line":507,"column":49},"end":{"line":507,"column":68}},"66":{"start":{"line":509,"column":4},"end":{"line":524,"column":5}},"67":{"start":{"line":510,"column":22},"end":{"line":510,"column":35}},"68":{"start":{"line":512,"column":6},"end":{"line":519,"column":7}},"69":{"start":{"line":513,"column":8},"end":{"line":513,"column":37}},"70":{"start":{"line":515,"column":8},"end":{"line":518,"column":10}},"71":{"start":{"line":521,"column":6},"end":{"line":521,"column":26}},"72":{"start":{"line":522,"column":6},"end":{"line":522,"column":32}},"73":{"start":{"line":523,"column":6},"end":{"line":523,"column":26}},"74":{"start":{"line":526,"column":4},"end":{"line":526,"column":25}},"75":{"start":{"line":530,"column":4},"end":{"line":530,"column":59}},"76":{"start":{"line":530,"column":33},"end":{"line":530,"column":57}},"77":{"start":{"line":531,"column":22},"end":{"line":531,"column":69}},"78":{"start":{"line":531,"column":49},"end":{"line":531,"column":68}},"79":{"start":{"line":533,"column":4},"end":{"line":540,"column":5}},"80":{"start":{"line":534,"column":22},"end":{"line":534,"column":35}},"81":{"start":{"line":535,"column":6},"end":{"line":535,"column":35}},"82":{"start":{"line":537,"column":6},"end":{"line":537,"column":26}},"83":{"start":{"line":538,"column":6},"end":{"line":538,"column":32}},"84":{"start":{"line":539,"column":6},"end":{"line":539,"column":26}},"85":{"start":{"line":542,"column":4},"end":{"line":542,"column":25}},"86":{"start":{"line":546,"column":4},"end":{"line":546,"column":59}},"87":{"start":{"line":546,"column":33},"end":{"line":546,"column":57}},"88":{"start":{"line":547,"column":4},"end":{"line":547,"column":24}},"89":{"start":{"line":552,"column":4},"end":{"line":552,"column":59}},"90":{"start":{"line":552,"column":33},"end":{"line":552,"column":57}},"91":{"start":{"line":553,"column":4},"end":{"line":553,"column":22}},"92":{"start":{"line":557,"column":4},"end":{"line":557,"column":59}},"93":{"start":{"line":557,"column":33},"end":{"line":557,"column":57}},"94":{"start":{"line":558,"column":28},"end":{"line":569,"column":5}},"95":{"start":{"line":571,"column":4},"end":{"line":571,"column":30}},"96":{"start":{"line":572,"column":4},"end":{"line":572,"column":24}},"97":{"start":{"line":574,"column":4},"end":{"line":574,"column":20}},"98":{"start":{"line":579,"column":4},"end":{"line":579,"column":59}},"99":{"start":{"line":579,"column":33},"end":{"line":579,"column":57}},"100":{"start":{"line":580,"column":4},"end":{"line":580,"column":54}},"101":{"start":{"line":580,"column":38},"end":{"line":580,"column":52}},"102":{"start":{"line":585,"column":4},"end":{"line":585,"column":59}},"103":{"start":{"line":585,"column":33},"end":{"line":585,"column":57}},"104":{"start":{"line":586,"column":4},"end":{"line":591,"column":5}},"105":{"start":{"line":587,"column":6},"end":{"line":590,"column":8}},"106":{"start":{"line":592,"column":4},"end":{"line":592,"column":43}},"107":{"start":{"line":596,"column":4},"end":{"line":596,"column":59}},"108":{"start":{"line":596,"column":33},"end":{"line":596,"column":57}},"109":{"start":{"line":597,"column":26},"end":{"line":604,"column":5}},"110":{"start":{"line":606,"column":4},"end":{"line":609,"column":6}},"111":{"start":{"line":613,"column":4},"end":{"line":613,"column":59}},"112":{"start":{"line":613,"column":33},"end":{"line":613,"column":57}},"113":{"start":{"line":614,"column":4},"end":{"line":614,"column":20}},"114":{"start":{"line":619,"column":28},"end":{"line":656,"column":1}}},"fnMap":{"0":{"name":"(anonymous_0)","decl":{"start":{"line":407,"column":15},"end":{"line":407,"column":16}},"loc":{"start":{"line":407,"column":60},"end":{"line":447,"column":3}},"line":407},"1":{"name":"(anonymous_1)","decl":{"start":{"line":409,"column":22},"end":{"line":409,"column":23}},"loc":{"start":{"line":409,"column":33},"end":{"line":409,"column":57}},"line":409},"2":{"name":"(anonymous_2)","decl":{"start":{"line":415,"column":51},"end":{"line":415,"column":52}},"loc":{"start":{"line":415,"column":56},"end":{"line":415,"column":87}},"line":415},"3":{"name":"(anonymous_3)","decl":{"start":{"line":419,"column":51},"end":{"line":419,"column":52}},"loc":{"start":{"line":419,"column":56},"end":{"line":419,"column":70}},"line":419},"4":{"name":"(anonymous_4)","decl":{"start":{"line":423,"column":51},"end":{"line":423,"column":52}},"loc":{"start":{"line":423,"column":56},"end":{"line":423,"column":83}},"line":423},"5":{"name":"(anonymous_5)","decl":{"start":{"line":427,"column":51},"end":{"line":427,"column":52}},"loc":{"start":{"line":427,"column":56},"end":{"line":427,"column":83}},"line":427},"6":{"name":"(anonymous_6)","decl":{"start":{"line":432,"column":51},"end":{"line":432,"column":52}},"loc":{"start":{"line":433,"column":10},"end":{"line":435,"column":52}},"line":433},"7":{"name":"(anonymous_7)","decl":{"start":{"line":440,"column":51},"end":{"line":440,"column":52}},"loc":{"start":{"line":441,"column":10},"end":{"line":441,"column":83}},"line":441},"8":{"name":"(anonymous_8)","decl":{"start":{"line":441,"column":24},"end":{"line":441,"column":25}},"loc":{"start":{"line":441,"column":29},"end":{"line":441,"column":82}},"line":441},"9":{"name":"(anonymous_9)","decl":{"start":{"line":449,"column":14},"end":{"line":449,"column":15}},"loc":{"start":{"line":449,"column":61},"end":{"line":452,"column":3}},"line":449},"10":{"name":"(anonymous_10)","decl":{"start":{"line":450,"column":22},"end":{"line":450,"column":23}},"loc":{"start":{"line":450,"column":33},"end":{"line":450,"column":57}},"line":450},"11":{"name":"(anonymous_11)","decl":{"start":{"line":451,"column":29},"end":{"line":451,"column":30}},"loc":{"start":{"line":451,"column":34},"end":{"line":451,"column":46}},"line":451},"12":{"name":"(anonymous_12)","decl":{"start":{"line":454,"column":23},"end":{"line":454,"column":24}},"loc":{"start":{"line":454,"column":55},"end":{"line":457,"column":3}},"line":454},"13":{"name":"(anonymous_13)","decl":{"start":{"line":455,"column":22},"end":{"line":455,"column":23}},"loc":{"start":{"line":455,"column":33},"end":{"line":455,"column":57}},"line":455},"14":{"name":"(anonymous_14)","decl":{"start":{"line":456,"column":31},"end":{"line":456,"column":32}},"loc":{"start":{"line":456,"column":36},"end":{"line":456,"column":48}},"line":456},"15":{"name":"(anonymous_15)","decl":{"start":{"line":460,"column":17},"end":{"line":460,"column":18}},"loc":{"start":{"line":460,"column":48},"end":{"line":464,"column":3}},"line":460},"16":{"name":"(anonymous_16)","decl":{"start":{"line":461,"column":22},"end":{"line":461,"column":23}},"loc":{"start":{"line":461,"column":33},"end":{"line":461,"column":57}},"line":461},"17":{"name":"(anonymous_17)","decl":{"start":{"line":462,"column":52},"end":{"line":462,"column":53}},"loc":{"start":{"line":462,"column":57},"end":{"line":462,"column":67}},"line":462},"18":{"name":"(anonymous_18)","decl":{"start":{"line":467,"column":11},"end":{"line":467,"column":12}},"loc":{"start":{"line":467,"column":44},"end":{"line":470,"column":3}},"line":467},"19":{"name":"(anonymous_19)","decl":{"start":{"line":468,"column":22},"end":{"line":468,"column":23}},"loc":{"start":{"line":468,"column":33},"end":{"line":468,"column":57}},"line":468},"20":{"name":"(anonymous_20)","decl":{"start":{"line":472,"column":13},"end":{"line":472,"column":14}},"loc":{"start":{"line":472,"column":112},"end":{"line":503,"column":3}},"line":472},"21":{"name":"(anonymous_21)","decl":{"start":{"line":473,"column":22},"end":{"line":473,"column":23}},"loc":{"start":{"line":473,"column":33},"end":{"line":473,"column":57}},"line":473},"22":{"name":"(anonymous_22)","decl":{"start":{"line":474,"column":38},"end":{"line":474,"column":39}},"loc":{"start":{"line":474,"column":43},"end":{"line":474,"column":62}},"line":474},"23":{"name":"(anonymous_23)","decl":{"start":{"line":477,"column":49},"end":{"line":477,"column":50}},"loc":{"start":{"line":478,"column":6},"end":{"line":480,"column":32}},"line":478},"24":{"name":"(anonymous_24)","decl":{"start":{"line":505,"column":18},"end":{"line":505,"column":19}},"loc":{"start":{"line":505,"column":83},"end":{"line":527,"column":3}},"line":505},"25":{"name":"(anonymous_25)","decl":{"start":{"line":506,"column":22},"end":{"line":506,"column":23}},"loc":{"start":{"line":506,"column":33},"end":{"line":506,"column":57}},"line":506},"26":{"name":"(anonymous_26)","decl":{"start":{"line":507,"column":41},"end":{"line":507,"column":42}},"loc":{"start":{"line":507,"column":49},"end":{"line":507,"column":68}},"line":507},"27":{"name":"(anonymous_27)","decl":{"start":{"line":529,"column":18},"end":{"line":529,"column":19}},"loc":{"start":{"line":529,"column":65},"end":{"line":543,"column":3}},"line":529},"28":{"name":"(anonymous_28)","decl":{"start":{"line":530,"column":22},"end":{"line":530,"column":23}},"loc":{"start":{"line":530,"column":33},"end":{"line":530,"column":57}},"line":530},"29":{"name":"(anonymous_29)","decl":{"start":{"line":531,"column":41},"end":{"line":531,"column":42}},"loc":{"start":{"line":531,"column":49},"end":{"line":531,"column":68}},"line":531},"30":{"name":"(anonymous_30)","decl":{"start":{"line":545,"column":13},"end":{"line":545,"column":14}},"loc":{"start":{"line":545,"column":40},"end":{"line":548,"column":3}},"line":545},"31":{"name":"(anonymous_31)","decl":{"start":{"line":546,"column":22},"end":{"line":546,"column":23}},"loc":{"start":{"line":546,"column":33},"end":{"line":546,"column":57}},"line":546},"32":{"name":"(anonymous_32)","decl":{"start":{"line":551,"column":13},"end":{"line":551,"column":14}},"loc":{"start":{"line":551,"column":43},"end":{"line":554,"column":3}},"line":551},"33":{"name":"(anonymous_33)","decl":{"start":{"line":552,"column":22},"end":{"line":552,"column":23}},"loc":{"start":{"line":552,"column":33},"end":{"line":552,"column":57}},"line":552},"34":{"name":"(anonymous_34)","decl":{"start":{"line":556,"column":15},"end":{"line":556,"column":16}},"loc":{"start":{"line":556,"column":57},"end":{"line":575,"column":3}},"line":556},"35":{"name":"(anonymous_35)","decl":{"start":{"line":557,"column":22},"end":{"line":557,"column":23}},"loc":{"start":{"line":557,"column":33},"end":{"line":557,"column":57}},"line":557},"36":{"name":"(anonymous_36)","decl":{"start":{"line":578,"column":13},"end":{"line":578,"column":14}},"loc":{"start":{"line":578,"column":43},"end":{"line":581,"column":3}},"line":578},"37":{"name":"(anonymous_37)","decl":{"start":{"line":579,"column":22},"end":{"line":579,"column":23}},"loc":{"start":{"line":579,"column":33},"end":{"line":579,"column":57}},"line":579},"38":{"name":"(anonymous_38)","decl":{"start":{"line":580,"column":29},"end":{"line":580,"column":30}},"loc":{"start":{"line":580,"column":38},"end":{"line":580,"column":52}},"line":580},"39":{"name":"(anonymous_39)","decl":{"start":{"line":584,"column":9},"end":{"line":584,"column":10}},"loc":{"start":{"line":584,"column":92},"end":{"line":593,"column":3}},"line":584},"40":{"name":"(anonymous_40)","decl":{"start":{"line":585,"column":22},"end":{"line":585,"column":23}},"loc":{"start":{"line":585,"column":33},"end":{"line":585,"column":57}},"line":585},"41":{"name":"(anonymous_41)","decl":{"start":{"line":595,"column":12},"end":{"line":595,"column":13}},"loc":{"start":{"line":595,"column":77},"end":{"line":610,"column":3}},"line":595},"42":{"name":"(anonymous_42)","decl":{"start":{"line":596,"column":22},"end":{"line":596,"column":23}},"loc":{"start":{"line":596,"column":33},"end":{"line":596,"column":57}},"line":596},"43":{"name":"(anonymous_43)","decl":{"start":{"line":612,"column":18},"end":{"line":612,"column":19}},"loc":{"start":{"line":612,"column":45},"end":{"line":615,"column":3}},"line":612},"44":{"name":"(anonymous_44)","decl":{"start":{"line":613,"column":22},"end":{"line":613,"column":23}},"loc":{"start":{"line":613,"column":33},"end":{"line":613,"column":57}},"line":613}},"branchMap":{"0":{"loc":{"start":{"line":413,"column":4},"end":{"line":444,"column":5}},"type":"if","locations":[{"start":{"line":413,"column":4},"end":{"line":444,"column":5}},{"start":{},"end":{}}],"line":413},"1":{"loc":{"start":{"line":414,"column":6},"end":{"line":416,"column":7}},"type":"if","locations":[{"start":{"line":414,"column":6},"end":{"line":416,"column":7}},{"start":{},"end":{}}],"line":414},"2":{"loc":{"start":{"line":414,"column":10},"end":{"line":414,"column":56}},"type":"binary-expr","locations":[{"start":{"line":414,"column":10},"end":{"line":414,"column":26}},{"start":{"line":414,"column":30},"end":{"line":414,"column":56}}],"line":414},"3":{"loc":{"start":{"line":418,"column":6},"end":{"line":420,"column":7}},"type":"if","locations":[{"start":{"line":418,"column":6},"end":{"line":420,"column":7}},{"start":{},"end":{}}],"line":418},"4":{"loc":{"start":{"line":422,"column":6},"end":{"line":424,"column":7}},"type":"if","locations":[{"start":{"line":422,"column":6},"end":{"line":424,"column":7}},{"start":{},"end":{}}],"line":422},"5":{"loc":{"start":{"line":426,"column":6},"end":{"line":428,"column":7}},"type":"if","locations":[{"start":{"line":426,"column":6},"end":{"line":428,"column":7}},{"start":{},"end":{}}],"line":426},"6":{"loc":{"start":{"line":430,"column":6},"end":{"line":437,"column":7}},"type":"if","locations":[{"start":{"line":430,"column":6},"end":{"line":437,"column":7}},{"start":{},"end":{}}],"line":430},"7":{"loc":{"start":{"line":433,"column":10},"end":{"line":435,"column":52}},"type":"binary-expr","locations":[{"start":{"line":433,"column":10},"end":{"line":433,"column":51}},{"start":{"line":434,"column":10},"end":{"line":434,"column":58}},{"start":{"line":435,"column":10},"end":{"line":435,"column":52}}],"line":433},"8":{"loc":{"start":{"line":439,"column":6},"end":{"line":443,"column":7}},"type":"if","locations":[{"start":{"line":439,"column":6},"end":{"line":443,"column":7}},{"start":{},"end":{}}],"line":439},"9":{"loc":{"start":{"line":451,"column":11},"end":{"line":451,"column":55}},"type":"binary-expr","locations":[{"start":{"line":451,"column":11},"end":{"line":451,"column":47}},{"start":{"line":451,"column":51},"end":{"line":451,"column":55}}],"line":451},"10":{"loc":{"start":{"line":475,"column":4},"end":{"line":475,"column":55}},"type":"if","locations":[{"start":{"line":475,"column":4},"end":{"line":475,"column":55}},{"start":{},"end":{}}],"line":475},"11":{"loc":{"start":{"line":478,"column":6},"end":{"line":480,"column":32}},"type":"binary-expr","locations":[{"start":{"line":478,"column":6},"end":{"line":478,"column":36}},{"start":{"line":479,"column":6},"end":{"line":479,"column":34}},{"start":{"line":480,"column":6},"end":{"line":480,"column":32}}],"line":478},"12":{"loc":{"start":{"line":485,"column":4},"end":{"line":498,"column":5}},"type":"if","locations":[{"start":{"line":485,"column":4},"end":{"line":498,"column":5}},{"start":{"line":490,"column":11},"end":{"line":498,"column":5}}],"line":485},"13":{"loc":{"start":{"line":509,"column":4},"end":{"line":524,"column":5}},"type":"if","locations":[{"start":{"line":509,"column":4},"end":{"line":524,"column":5}},{"start":{},"end":{}}],"line":509},"14":{"loc":{"start":{"line":512,"column":6},"end":{"line":519,"column":7}},"type":"if","locations":[{"start":{"line":512,"column":6},"end":{"line":519,"column":7}},{"start":{"line":514,"column":13},"end":{"line":519,"column":7}}],"line":512},"15":{"loc":{"start":{"line":533,"column":4},"end":{"line":540,"column":5}},"type":"if","locations":[{"start":{"line":533,"column":4},"end":{"line":540,"column":5}},{"start":{},"end":{}}],"line":533},"16":{"loc":{"start":{"line":586,"column":4},"end":{"line":591,"column":5}},"type":"if","locations":[{"start":{"line":586,"column":4},"end":{"line":591,"column":5}},{"start":{},"end":{}}],"line":586},"17":{"loc":{"start":{"line":586,"column":8},"end":{"line":586,"column":70}},"type":"binary-expr","locations":[{"start":{"line":586,"column":8},"end":{"line":586,"column":40}},{"start":{"line":586,"column":44},"end":{"line":586,"column":70}}],"line":586}},"s":{"0":4,"1":4,"2":4,"3":4,"4":4,"5":4,"6":0,"7":0,"8":0,"9":0,"10":0,"11":0,"12":0,"13":0,"14":0,"15":0,"16":0,"17":0,"18":0,"19":0,"20":0,"21":0,"22":0,"23":0,"24":0,"25":0,"26":0,"27":0,"28":0,"29":0,"30":0,"31":0,"32":0,"33":0,"34":0,"35":0,"36":0,"37":0,"38":0,"39":0,"40":0,"41":0,"42":0,"43":0,"44":7,"45":7,"46":0,"47":0,"48":0,"49":0,"50":0,"51":0,"52":0,"53":0,"54":0,"55":0,"56":0,"57":0,"58":0,"59":0,"60":0,"61":0,"62":0,"63":0,"64":0,"65":0,"66":0,"67":0,"68":0,"69":0,"70":0,"71":0,"72":0,"73":0,"74":0,"75":0,"76":0,"77":0,"78":0,"79":0,"80":0,"81":0,"82":0,"83":0,"84":0,"85":0,"86":0,"87":0,"88":0,"89":0,"90":0,"91":0,"92":0,"93":0,"94":0,"95":0,"96":0,"97":0,"98":0,"99":0,"100":0,"101":0,"102":0,"103":0,"104":0,"105":0,"106":0,"107":0,"108":0,"109":0,"110":0,"111":0,"112":0,"113":0,"114":4},"f":{"0":0,"1":0,"2":0,"3":0,"4":0,"5":0,"6":0,"7":0,"8":0,"9":0,"10":0,"11":0,"12":0,"13":0,"14":0,"15":0,"16":0,"17":0,"18":7,"19":7,"20":0,"21":0,"22":0,"23":0,"24":0,"25":0,"26":0,"27":0,"28":0,"29":0,"30":0,"31":0,"32":0,"33":0,"34":0,"35":0,"36":0,"37":0,"38":0,"39":0,"40":0,"41":0,"42":0,"43":0,"44":0},"b":{"0":[0,0],"1":[0,0],"2":[0,0],"3":[0,0],"4":[0,0],"5":[0,0],"6":[0,0],"7":[0,0,0],"8":[0,0],"9":[0,0],"10":[0,0],"11":[0,0,0],"12":[0,0],"13":[0,0],"14":[0,0],"15":[0,0],"16":[0,0],"17":[0,0]},"_coverageSchema":"1a1c01bbd47fc00a2c39e90264f33305004495a9","hash":"2b27cc266a8cb5d2fcad48aaf77d3998f034ea79"}
,"/Users/adarshsinghchauhan/Documents/test/Nagarro-Test/src/pages/CartPage.tsx": {"path":"/Users/adarshsinghchauhan/Documents/test/Nagarro-Test/src/pages/CartPage.tsx","statementMap":{"0":{"start":{"line":6,"column":27},"end":{"line":132,"column":1}},"1":{"start":{"line":7,"column":87},"end":{"line":7,"column":96}},"2":{"start":{"line":8,"column":19},"end":{"line":8,"column":32}},"3":{"start":{"line":9,"column":16},"end":{"line":9,"column":31}},"4":{"start":{"line":11,"column":2},"end":{"line":11,"column":84}},"5":{"start":{"line":11,"column":15},"end":{"line":11,"column":84}},"6":{"start":{"line":13,"column":2},"end":{"line":21,"column":3}},"7":{"start":{"line":14,"column":4},"end":{"line":20,"column":6}},"8":{"start":{"line":23,"column":2},"end":{"line":131,"column":4}},"9":{"start":{"line":32,"column":14},"end":{"line":73,"column":20}},"10":{"start":{"line":49,"column":37},"end":{"line":49,"column":93}},"11":{"start":{"line":56,"column":37},"end":{"line":56,"column":80}},"12":{"start":{"line":67,"column":35},"end":{"line":67,"column":59}},"13":{"start":{"line":97,"column":61},"end":{"line":97,"column":80}},"14":{"start":{"line":118,"column":29},"end":{"line":118,"column":50}}},"fnMap":{"0":{"name":"(anonymous_0)","decl":{"start":{"line":6,"column":27},"end":{"line":6,"column":28}},"loc":{"start":{"line":6,"column":33},"end":{"line":132,"column":1}},"line":6},"1":{"name":"(anonymous_1)","decl":{"start":{"line":31,"column":23},"end":{"line":31,"column":24}},"loc":{"start":{"line":32,"column":14},"end":{"line":73,"column":20}},"line":32},"2":{"name":"(anonymous_2)","decl":{"start":{"line":49,"column":31},"end":{"line":49,"column":32}},"loc":{"start":{"line":49,"column":37},"end":{"line":49,"column":93}},"line":49},"3":{"name":"(anonymous_3)","decl":{"start":{"line":56,"column":31},"end":{"line":56,"column":32}},"loc":{"start":{"line":56,"column":37},"end":{"line":56,"column":80}},"line":56},"4":{"name":"(anonymous_4)","decl":{"start":{"line":67,"column":29},"end":{"line":67,"column":30}},"loc":{"start":{"line":67,"column":35},"end":{"line":67,"column":59}},"line":67},"5":{"name":"(anonymous_5)","decl":{"start":{"line":97,"column":46},"end":{"line":97,"column":47}},"loc":{"start":{"line":97,"column":61},"end":{"line":97,"column":80}},"line":97},"6":{"name":"(anonymous_6)","decl":{"start":{"line":118,"column":23},"end":{"line":118,"column":24}},"loc":{"start":{"line":118,"column":29},"end":{"line":118,"column":50}},"line":118}},"branchMap":{"0":{"loc":{"start":{"line":11,"column":2},"end":{"line":11,"column":84}},"type":"if","locations":[{"start":{"line":11,"column":2},"end":{"line":11,"column":84}},{"start":{},"end":{}}],"line":11},"1":{"loc":{"start":{"line":13,"column":2},"end":{"line":21,"column":3}},"type":"if","locations":[{"start":{"line":13,"column":2},"end":{"line":21,"column":3}},{"start":{},"end":{}}],"line":13},"2":{"loc":{"start":{"line":41,"column":19},"end":{"line":43,"column":19}},"type":"binary-expr","locations":[{"start":{"line":41,"column":19},"end":{"line":41,"column":37}},{"start":{"line":42,"column":20},"end":{"line":42,"column":88}}],"line":41},"3":{"loc":{"start":{"line":44,"column":19},"end":{"line":46,"column":19}},"type":"binary-expr","locations":[{"start":{"line":44,"column":19},"end":{"line":44,"column":36}},{"start":{"line":45,"column":20},"end":{"line":45,"column":86}}],"line":44}},"s":{"0":0,"1":0,"2":0,"3":0,"4":0,"5":0,"6":0,"7":0,"8":0,"9":0,"10":0,"11":0,"12":0,"13":0,"14":0},"f":{"0":0,"1":0,"2":0,"3":0,"4":0,"5":0,"6":0},"b":{"0":[0,0],"1":[0,0],"2":[0,0],"3":[0,0]}}
,"/Users/adarshsinghchauhan/Documents/test/Nagarro-Test/src/pages/CheckoutPage.tsx": {"path":"/Users/adarshsinghchauhan/Documents/test/Nagarro-Test/src/pages/CheckoutPage.tsx","statementMap":{"0":{"start":{"line":8,"column":31},"end":{"line":396,"column":1}},"1":{"start":{"line":9,"column":19},"end":{"line":9,"column":32}},"2":{"start":{"line":10,"column":46},"end":{"line":10,"column":55}},"3":{"start":{"line":11,"column":19},"end":{"line":11,"column":28}},"4":{"start":{"line":12,"column":32},"end":{"line":12,"column":47}},"5":{"start":{"line":13,"column":34},"end":{"line":28,"column":4}},"6":{"start":{"line":30,"column":28},"end":{"line":48,"column":3}},"7":{"start":{"line":31,"column":28},"end":{"line":31,"column":36}},"8":{"start":{"line":34,"column":4},"end":{"line":38,"column":5}},"9":{"start":{"line":35,"column":26},"end":{"line":35,"column":63}},"10":{"start":{"line":36,"column":6},"end":{"line":36,"column":61}},"11":{"start":{"line":36,"column":27},"end":{"line":36,"column":58}},"12":{"start":{"line":37,"column":6},"end":{"line":37,"column":13}},"13":{"start":{"line":41,"column":4},"end":{"line":45,"column":5}},"14":{"start":{"line":42,"column":22},"end":{"line":42,"column":58}},"15":{"start":{"line":43,"column":6},"end":{"line":43,"column":50}},"16":{"start":{"line":43,"column":27},"end":{"line":43,"column":47}},"17":{"start":{"line":44,"column":6},"end":{"line":44,"column":13}},"18":{"start":{"line":47,"column":4},"end":{"line":47,"column":54}},"19":{"start":{"line":47,"column":25},"end":{"line":47,"column":51}},"20":{"start":{"line":50,"column":23},"end":{"line":64,"column":3}},"21":{"start":{"line":52,"column":4},"end":{"line":55,"column":5}},"22":{"start":{"line":53,"column":6},"end":{"line":53,"column":58}},"23":{"start":{"line":54,"column":6},"end":{"line":54,"column":19}},"24":{"start":{"line":58,"column":4},"end":{"line":61,"column":5}},"25":{"start":{"line":59,"column":6},"end":{"line":59,"column":53}},"26":{"start":{"line":60,"column":6},"end":{"line":60,"column":19}},"27":{"start":{"line":63,"column":4},"end":{"line":63,"column":16}},"28":{"start":{"line":66,"column":23},"end":{"line":113,"column":3}},"29":{"start":{"line":67,"column":4},"end":{"line":67,"column":23}},"30":{"start":{"line":69,"column":4},"end":{"line":72,"column":5}},"31":{"start":{"line":70,"column":6},"end":{"line":70,"column":34}},"32":{"start":{"line":71,"column":6},"end":{"line":71,"column":13}},"33":{"start":{"line":74,"column":4},"end":{"line":76,"column":5}},"34":{"start":{"line":75,"column":6},"end":{"line":75,"column":13}},"35":{"start":{"line":78,"column":4},"end":{"line":78,"column":21}},"36":{"start":{"line":80,"column":4},"end":{"line":112,"column":5}},"37":{"start":{"line":82,"column":28},"end":{"line":82,"column":82}},"38":{"start":{"line":84,"column":6},"end":{"line":106,"column":7}},"39":{"start":{"line":86,"column":26},"end":{"line":97,"column":9}},"40":{"start":{"line":99,"column":8},"end":{"line":99,"column":42}},"41":{"start":{"line":100,"column":8},"end":{"line":100,"column":26}},"42":{"start":{"line":102,"column":8},"end":{"line":102,"column":44}},"43":{"start":{"line":103,"column":8},"end":{"line":103,"column":28}},"44":{"start":{"line":105,"column":8},"end":{"line":105,"column":51}},"45":{"start":{"line":108,"column":6},"end":{"line":108,"column":46}},"46":{"start":{"line":109,"column":6},"end":{"line":109,"column":68}},"47":{"start":{"line":111,"column":6},"end":{"line":111,"column":24}},"48":{"start":{"line":115,"column":2},"end":{"line":129,"column":3}},"49":{"start":{"line":116,"column":4},"end":{"line":128,"column":6}},"50":{"start":{"line":121,"column":27},"end":{"line":121,"column":48}},"51":{"start":{"line":131,"column":2},"end":{"line":395,"column":4}},"52":{"start":{"line":142,"column":16},"end":{"line":159,"column":22}},"53":{"start":{"line":307,"column":20},"end":{"line":309,"column":29}}},"fnMap":{"0":{"name":"(anonymous_0)","decl":{"start":{"line":8,"column":31},"end":{"line":8,"column":32}},"loc":{"start":{"line":8,"column":37},"end":{"line":396,"column":1}},"line":8},"1":{"name":"(anonymous_1)","decl":{"start":{"line":30,"column":28},"end":{"line":30,"column":29}},"loc":{"start":{"line":30,"column":92},"end":{"line":48,"column":3}},"line":30},"2":{"name":"(anonymous_2)","decl":{"start":{"line":36,"column":18},"end":{"line":36,"column":19}},"loc":{"start":{"line":36,"column":27},"end":{"line":36,"column":58}},"line":36},"3":{"name":"(anonymous_3)","decl":{"start":{"line":43,"column":18},"end":{"line":43,"column":19}},"loc":{"start":{"line":43,"column":27},"end":{"line":43,"column":47}},"line":43},"4":{"name":"(anonymous_4)","decl":{"start":{"line":47,"column":16},"end":{"line":47,"column":17}},"loc":{"start":{"line":47,"column":25},"end":{"line":47,"column":51}},"line":47},"5":{"name":"(anonymous_5)","decl":{"start":{"line":50,"column":23},"end":{"line":50,"column":24}},"loc":{"start":{"line":50,"column":29},"end":{"line":64,"column":3}},"line":50},"6":{"name":"(anonymous_6)","decl":{"start":{"line":66,"column":23},"end":{"line":66,"column":24}},"loc":{"start":{"line":66,"column":53},"end":{"line":113,"column":3}},"line":66},"7":{"name":"(anonymous_7)","decl":{"start":{"line":121,"column":21},"end":{"line":121,"column":22}},"loc":{"start":{"line":121,"column":27},"end":{"line":121,"column":48}},"line":121},"8":{"name":"(anonymous_8)","decl":{"start":{"line":141,"column":25},"end":{"line":141,"column":26}},"loc":{"start":{"line":142,"column":16},"end":{"line":159,"column":22}},"line":142},"9":{"name":"(anonymous_9)","decl":{"start":{"line":306,"column":36},"end":{"line":306,"column":37}},"loc":{"start":{"line":307,"column":20},"end":{"line":309,"column":29}},"line":307}},"branchMap":{"0":{"loc":{"start":{"line":14,"column":15},"end":{"line":14,"column":36}},"type":"binary-expr","locations":[{"start":{"line":14,"column":15},"end":{"line":14,"column":30}},{"start":{"line":14,"column":34},"end":{"line":14,"column":36}}],"line":14},"1":{"loc":{"start":{"line":15,"column":14},"end":{"line":15,"column":34}},"type":"binary-expr","locations":[{"start":{"line":15,"column":14},"end":{"line":15,"column":28}},{"start":{"line":15,"column":32},"end":{"line":15,"column":34}}],"line":15},"2":{"loc":{"start":{"line":16,"column":11},"end":{"line":16,"column":28}},"type":"binary-expr","locations":[{"start":{"line":16,"column":11},"end":{"line":16,"column":22}},{"start":{"line":16,"column":26},"end":{"line":16,"column":28}}],"line":16},"3":{"loc":{"start":{"line":34,"column":4},"end":{"line":38,"column":5}},"type":"if","locations":[{"start":{"line":34,"column":4},"end":{"line":38,"column":5}},{"start":{},"end":{}}],"line":34},"4":{"loc":{"start":{"line":41,"column":4},"end":{"line":45,"column":5}},"type":"if","locations":[{"start":{"line":41,"column":4},"end":{"line":45,"column":5}},{"start":{},"end":{}}],"line":41},"5":{"loc":{"start":{"line":52,"column":4},"end":{"line":55,"column":5}},"type":"if","locations":[{"start":{"line":52,"column":4},"end":{"line":55,"column":5}},{"start":{},"end":{}}],"line":52},"6":{"loc":{"start":{"line":58,"column":4},"end":{"line":61,"column":5}},"type":"if","locations":[{"start":{"line":58,"column":4},"end":{"line":61,"column":5}},{"start":{},"end":{}}],"line":58},"7":{"loc":{"start":{"line":69,"column":4},"end":{"line":72,"column":5}},"type":"if","locations":[{"start":{"line":69,"column":4},"end":{"line":72,"column":5}},{"start":{},"end":{}}],"line":69},"8":{"loc":{"start":{"line":74,"column":4},"end":{"line":76,"column":5}},"type":"if","locations":[{"start":{"line":74,"column":4},"end":{"line":76,"column":5}},{"start":{},"end":{}}],"line":74},"9":{"loc":{"start":{"line":84,"column":6},"end":{"line":106,"column":7}},"type":"if","locations":[{"start":{"line":84,"column":6},"end":{"line":106,"column":7}},{"start":{"line":104,"column":13},"end":{"line":106,"column":7}}],"line":84},"10":{"loc":{"start":{"line":115,"column":2},"end":{"line":129,"column":3}},"type":"if","locations":[{"start":{"line":115,"column":2},"end":{"line":129,"column":3}},{"start":{},"end":{}}],"line":115},"11":{"loc":{"start":{"line":152,"column":23},"end":{"line":152,"column":78}},"type":"binary-expr","locations":[{"start":{"line":152,"column":23},"end":{"line":152,"column":41}},{"start":{"line":152,"column":45},"end":{"line":152,"column":78}}],"line":152},"12":{"loc":{"start":{"line":153,"column":23},"end":{"line":153,"column":75}},"type":"binary-expr","locations":[{"start":{"line":153,"column":23},"end":{"line":153,"column":40}},{"start":{"line":153,"column":44},"end":{"line":153,"column":75}}],"line":153},"13":{"loc":{"start":{"line":383,"column":18},"end":{"line":385,"column":64}},"type":"cond-expr","locations":[{"start":{"line":384,"column":22},"end":{"line":384,"column":54}},{"start":{"line":385,"column":22},"end":{"line":385,"column":64}}],"line":383},"14":{"loc":{"start":{"line":388,"column":17},"end":{"line":388,"column":91}},"type":"cond-expr","locations":[{"start":{"line":388,"column":27},"end":{"line":388,"column":42}},{"start":{"line":388,"column":45},"end":{"line":388,"column":91}}],"line":388}},"s":{"0":0,"1":0,"2":0,"3":0,"4":0,"5":0,"6":0,"7":0,"8":0,"9":0,"10":0,"11":0,"12":0,"13":0,"14":0,"15":0,"16":0,"17":0,"18":0,"19":0,"20":0,"21":0,"22":0,"23":0,"24":0,"25":0,"26":0,"27":0,"28":0,"29":0,"30":0,"31":0,"32":0,"33":0,"34":0,"35":0,"36":0,"37":0,"38":0,"39":0,"40":0,"41":0,"42":0,"43":0,"44":0,"45":0,"46":0,"47":0,"48":0,"49":0,"50":0,"51":0,"52":0,"53":0},"f":{"0":0,"1":0,"2":0,"3":0,"4":0,"5":0,"6":0,"7":0,"8":0,"9":0},"b":{"0":[0,0],"1":[0,0],"2":[0,0],"3":[0,0],"4":[0,0],"5":[0,0],"6":[0,0],"7":[0,0],"8":[0,0],"9":[0,0],"10":[0,0],"11":[0,0],"12":[0,0],"13":[0,0],"14":[0,0]}}
,"/Users/adarshsinghchauhan/Documents/test/Nagarro-Test/src/pages/HomePage.tsx": {"path":"/Users/adarshsinghchauhan/Documents/test/Nagarro-Test/src/pages/HomePage.tsx","statementMap":{"0":{"start":{"line":7,"column":27},"end":{"line":193,"column":1}},"1":{"start":{"line":8,"column":50},"end":{"line":8,"column":73}},"2":{"start":{"line":9,"column":30},"end":{"line":9,"column":51}},"3":{"start":{"line":10,"column":32},"end":{"line":10,"column":46}},"4":{"start":{"line":12,"column":2},"end":{"line":30,"column":9}},"5":{"start":{"line":13,"column":21},"end":{"line":27,"column":5}},"6":{"start":{"line":14,"column":6},"end":{"line":26,"column":7}},"7":{"start":{"line":15,"column":8},"end":{"line":15,"column":25}},"8":{"start":{"line":16,"column":39},"end":{"line":19,"column":10}},"9":{"start":{"line":20,"column":8},"end":{"line":20,"column":38}},"10":{"start":{"line":21,"column":8},"end":{"line":21,"column":30}},"11":{"start":{"line":23,"column":8},"end":{"line":23,"column":62}},"12":{"start":{"line":25,"column":8},"end":{"line":25,"column":26}},"13":{"start":{"line":29,"column":4},"end":{"line":29,"column":15}},"14":{"start":{"line":32,"column":2},"end":{"line":41,"column":3}},"15":{"start":{"line":33,"column":4},"end":{"line":40,"column":6}},"16":{"start":{"line":43,"column":2},"end":{"line":192,"column":4}},"17":{"start":{"line":74,"column":18},"end":{"line":87,"column":24}},"18":{"start":{"line":100,"column":16},"end":{"line":141,"column":22}}},"fnMap":{"0":{"name":"(anonymous_0)","decl":{"start":{"line":7,"column":27},"end":{"line":7,"column":28}},"loc":{"start":{"line":7,"column":33},"end":{"line":193,"column":1}},"line":7},"1":{"name":"(anonymous_1)","decl":{"start":{"line":12,"column":12},"end":{"line":12,"column":13}},"loc":{"start":{"line":12,"column":18},"end":{"line":30,"column":3}},"line":12},"2":{"name":"(anonymous_2)","decl":{"start":{"line":13,"column":21},"end":{"line":13,"column":22}},"loc":{"start":{"line":13,"column":33},"end":{"line":27,"column":5}},"line":13},"3":{"name":"(anonymous_3)","decl":{"start":{"line":73,"column":28},"end":{"line":73,"column":29}},"loc":{"start":{"line":74,"column":18},"end":{"line":87,"column":24}},"line":74},"4":{"name":"(anonymous_4)","decl":{"start":{"line":99,"column":36},"end":{"line":99,"column":37}},"loc":{"start":{"line":100,"column":16},"end":{"line":141,"column":22}},"line":100}},"branchMap":{"0":{"loc":{"start":{"line":32,"column":2},"end":{"line":41,"column":3}},"type":"if","locations":[{"start":{"line":32,"column":2},"end":{"line":41,"column":3}},{"start":{},"end":{}}],"line":32},"1":{"loc":{"start":{"line":68,"column":9},"end":{"line":92,"column":9}},"type":"binary-expr","locations":[{"start":{"line":68,"column":9},"end":{"line":68,"column":26}},{"start":{"line":69,"column":10},"end":{"line":91,"column":20}}],"line":68},"2":{"loc":{"start":{"line":78,"column":23},"end":{"line":82,"column":23}},"type":"binary-expr","locations":[{"start":{"line":78,"column":23},"end":{"line":78,"column":51}},{"start":{"line":79,"column":24},"end":{"line":81,"column":30}}],"line":78},"3":{"loc":{"start":{"line":107,"column":21},"end":{"line":111,"column":21}},"type":"binary-expr","locations":[{"start":{"line":107,"column":21},"end":{"line":107,"column":41}},{"start":{"line":108,"column":22},"end":{"line":110,"column":28}}],"line":107},"4":{"loc":{"start":{"line":121,"column":25},"end":{"line":125,"column":25}},"type":"binary-expr","locations":[{"start":{"line":121,"column":25},"end":{"line":121,"column":46}},{"start":{"line":122,"column":26},"end":{"line":124,"column":33}}],"line":121}},"s":{"0":0,"1":0,"2":0,"3":0,"4":0,"5":0,"6":0,"7":0,"8":0,"9":0,"10":0,"11":0,"12":0,"13":0,"14":0,"15":0,"16":0,"17":0,"18":0},"f":{"0":0,"1":0,"2":0,"3":0,"4":0},"b":{"0":[0,0],"1":[0,0],"2":[0,0],"3":[0,0],"4":[0,0]}}
,"/Users/adarshsinghchauhan/Documents/test/Nagarro-Test/src/pages/LoginPage.tsx": {"path":"/Users/adarshsinghchauhan/Documents/test/Nagarro-Test/src/pages/LoginPage.tsx","statementMap":{"0":{"start":{"line":5,"column":28},"end":{"line":167,"column":1}},"1":{"start":{"line":6,"column":20},"end":{"line":6,"column":29}},"2":{"start":{"line":7,"column":19},"end":{"line":7,"column":32}},"3":{"start":{"line":8,"column":34},"end":{"line":11,"column":4}},"4":{"start":{"line":12,"column":30},"end":{"line":12,"column":69}},"5":{"start":{"line":13,"column":32},"end":{"line":13,"column":47}},"6":{"start":{"line":15,"column":23},"end":{"line":27,"column":3}},"7":{"start":{"line":16,"column":4},"end":{"line":19,"column":7}},"8":{"start":{"line":21,"column":4},"end":{"line":26,"column":5}},"9":{"start":{"line":22,"column":6},"end":{"line":25,"column":9}},"10":{"start":{"line":29,"column":23},"end":{"line":46,"column":3}},"11":{"start":{"line":30,"column":49},"end":{"line":30,"column":51}},"12":{"start":{"line":32,"column":4},"end":{"line":36,"column":5}},"13":{"start":{"line":33,"column":6},"end":{"line":33,"column":44}},"14":{"start":{"line":34,"column":11},"end":{"line":36,"column":5}},"15":{"start":{"line":35,"column":6},"end":{"line":35,"column":43}},"16":{"start":{"line":38,"column":4},"end":{"line":42,"column":5}},"17":{"start":{"line":39,"column":6},"end":{"line":39,"column":50}},"18":{"start":{"line":40,"column":11},"end":{"line":42,"column":5}},"19":{"start":{"line":41,"column":6},"end":{"line":41,"column":68}},"20":{"start":{"line":44,"column":4},"end":{"line":44,"column":25}},"21":{"start":{"line":45,"column":4},"end":{"line":45,"column":47}},"22":{"start":{"line":48,"column":23},"end":{"line":64,"column":3}},"23":{"start":{"line":49,"column":4},"end":{"line":49,"column":23}},"24":{"start":{"line":51,"column":4},"end":{"line":51,"column":32}},"25":{"start":{"line":51,"column":25},"end":{"line":51,"column":32}},"26":{"start":{"line":53,"column":4},"end":{"line":53,"column":21}},"27":{"start":{"line":54,"column":4},"end":{"line":63,"column":5}},"28":{"start":{"line":55,"column":6},"end":{"line":55,"column":53}},"29":{"start":{"line":56,"column":6},"end":{"line":56,"column":20}},"30":{"start":{"line":58,"column":6},"end":{"line":60,"column":9}},"31":{"start":{"line":62,"column":6},"end":{"line":62,"column":24}},"32":{"start":{"line":66,"column":2},"end":{"line":166,"column":4}}},"fnMap":{"0":{"name":"(anonymous_0)","decl":{"start":{"line":5,"column":28},"end":{"line":5,"column":29}},"loc":{"start":{"line":5,"column":34},"end":{"line":167,"column":1}},"line":5},"1":{"name":"(anonymous_1)","decl":{"start":{"line":15,"column":23},"end":{"line":15,"column":24}},"loc":{"start":{"line":15,"column":67},"end":{"line":27,"column":3}},"line":15},"2":{"name":"(anonymous_2)","decl":{"start":{"line":29,"column":23},"end":{"line":29,"column":24}},"loc":{"start":{"line":29,"column":29},"end":{"line":46,"column":3}},"line":29},"3":{"name":"(anonymous_3)","decl":{"start":{"line":48,"column":23},"end":{"line":48,"column":24}},"loc":{"start":{"line":48,"column":53},"end":{"line":64,"column":3}},"line":48}},"branchMap":{"0":{"loc":{"start":{"line":21,"column":4},"end":{"line":26,"column":5}},"type":"if","locations":[{"start":{"line":21,"column":4},"end":{"line":26,"column":5}},{"start":{},"end":{}}],"line":21},"1":{"loc":{"start":{"line":32,"column":4},"end":{"line":36,"column":5}},"type":"if","locations":[{"start":{"line":32,"column":4},"end":{"line":36,"column":5}},{"start":{"line":34,"column":11},"end":{"line":36,"column":5}}],"line":32},"2":{"loc":{"start":{"line":34,"column":11},"end":{"line":36,"column":5}},"type":"if","locations":[{"start":{"line":34,"column":11},"end":{"line":36,"column":5}},{"start":{},"end":{}}],"line":34},"3":{"loc":{"start":{"line":38,"column":4},"end":{"line":42,"column":5}},"type":"if","locations":[{"start":{"line":38,"column":4},"end":{"line":42,"column":5}},{"start":{"line":40,"column":11},"end":{"line":42,"column":5}}],"line":38},"4":{"loc":{"start":{"line":40,"column":11},"end":{"line":42,"column":5}},"type":"if","locations":[{"start":{"line":40,"column":11},"end":{"line":42,"column":5}},{"start":{},"end":{}}],"line":40},"5":{"loc":{"start":{"line":51,"column":4},"end":{"line":51,"column":32}},"type":"if","locations":[{"start":{"line":51,"column":4},"end":{"line":51,"column":32}},{"start":{},"end":{}}],"line":51},"6":{"loc":{"start":{"line":59,"column":17},"end":{"line":59,"column":83}},"type":"binary-expr","locations":[{"start":{"line":59,"column":17},"end":{"line":59,"column":46}},{"start":{"line":59,"column":50},"end":{"line":59,"column":83}}],"line":59},"7":{"loc":{"start":{"line":82,"column":11},"end":{"line":86,"column":11}},"type":"binary-expr","locations":[{"start":{"line":82,"column":11},"end":{"line":82,"column":25}},{"start":{"line":83,"column":12},"end":{"line":85,"column":18}}],"line":82},"8":{"loc":{"start":{"line":99,"column":47},"end":{"line":99,"column":83}},"type":"cond-expr","locations":[{"start":{"line":99,"column":62},"end":{"line":99,"column":78}},{"start":{"line":99,"column":81},"end":{"line":99,"column":83}}],"line":99},"9":{"loc":{"start":{"line":104,"column":15},"end":{"line":106,"column":15}},"type":"binary-expr","locations":[{"start":{"line":104,"column":15},"end":{"line":104,"column":27}},{"start":{"line":105,"column":16},"end":{"line":105,"column":75}}],"line":104},"10":{"loc":{"start":{"line":119,"column":47},"end":{"line":119,"column":86}},"type":"cond-expr","locations":[{"start":{"line":119,"column":65},"end":{"line":119,"column":81}},{"start":{"line":119,"column":84},"end":{"line":119,"column":86}}],"line":119},"11":{"loc":{"start":{"line":124,"column":15},"end":{"line":126,"column":15}},"type":"binary-expr","locations":[{"start":{"line":124,"column":15},"end":{"line":124,"column":30}},{"start":{"line":125,"column":16},"end":{"line":125,"column":78}}],"line":124},"12":{"loc":{"start":{"line":155,"column":16},"end":{"line":157,"column":132}},"type":"cond-expr","locations":[{"start":{"line":156,"column":20},"end":{"line":156,"column":52}},{"start":{"line":157,"column":20},"end":{"line":157,"column":132}}],"line":155},"13":{"loc":{"start":{"line":160,"column":15},"end":{"line":160,"column":52}},"type":"cond-expr","locations":[{"start":{"line":160,"column":25},"end":{"line":160,"column":40}},{"start":{"line":160,"column":43},"end":{"line":160,"column":52}}],"line":160}},"s":{"0":0,"1":0,"2":0,"3":0,"4":0,"5":0,"6":0,"7":0,"8":0,"9":0,"10":0,"11":0,"12":0,"13":0,"14":0,"15":0,"16":0,"17":0,"18":0,"19":0,"20":0,"21":0,"22":0,"23":0,"24":0,"25":0,"26":0,"27":0,"28":0,"29":0,"30":0,"31":0,"32":0},"f":{"0":0,"1":0,"2":0,"3":0},"b":{"0":[0,0],"1":[0,0],"2":[0,0],"3":[0,0],"4":[0,0],"5":[0,0],"6":[0,0],"7":[0,0],"8":[0,0],"9":[0,0],"10":[0,0],"11":[0,0],"12":[0,0],"13":[0,0]}}
,"/Users/adarshsinghchauhan/Documents/test/Nagarro-Test/src/pages/OffersPage.tsx": {"path":"/Users/adarshsinghchauhan/Documents/test/Nagarro-Test/src/pages/OffersPage.tsx","statementMap":{"0":{"start":{"line":6,"column":29},"end":{"line":107,"column":1}},"1":{"start":{"line":7,"column":30},"end":{"line":7,"column":51}},"2":{"start":{"line":8,"column":32},"end":{"line":8,"column":46}},"3":{"start":{"line":10,"column":2},"end":{"line":24,"column":9}},"4":{"start":{"line":11,"column":23},"end":{"line":21,"column":5}},"5":{"start":{"line":12,"column":6},"end":{"line":20,"column":7}},"6":{"start":{"line":13,"column":8},"end":{"line":13,"column":25}},"7":{"start":{"line":14,"column":27},"end":{"line":14,"column":51}},"8":{"start":{"line":15,"column":8},"end":{"line":15,"column":30}},"9":{"start":{"line":17,"column":8},"end":{"line":17,"column":54}},"10":{"start":{"line":19,"column":8},"end":{"line":19,"column":26}},"11":{"start":{"line":23,"column":4},"end":{"line":23,"column":17}},"12":{"start":{"line":26,"column":2},"end":{"line":32,"column":3}},"13":{"start":{"line":27,"column":4},"end":{"line":31,"column":6}},"14":{"start":{"line":34,"column":2},"end":{"line":49,"column":3}},"15":{"start":{"line":35,"column":4},"end":{"line":48,"column":6}},"16":{"start":{"line":51,"column":2},"end":{"line":106,"column":4}},"17":{"start":{"line":58,"column":12},"end":{"line":101,"column":18}}},"fnMap":{"0":{"name":"(anonymous_0)","decl":{"start":{"line":6,"column":29},"end":{"line":6,"column":30}},"loc":{"start":{"line":6,"column":35},"end":{"line":107,"column":1}},"line":6},"1":{"name":"(anonymous_1)","decl":{"start":{"line":10,"column":12},"end":{"line":10,"column":13}},"loc":{"start":{"line":10,"column":18},"end":{"line":24,"column":3}},"line":10},"2":{"name":"(anonymous_2)","decl":{"start":{"line":11,"column":23},"end":{"line":11,"column":24}},"loc":{"start":{"line":11,"column":35},"end":{"line":21,"column":5}},"line":11},"3":{"name":"(anonymous_3)","decl":{"start":{"line":57,"column":22},"end":{"line":57,"column":23}},"loc":{"start":{"line":58,"column":12},"end":{"line":101,"column":18}},"line":58}},"branchMap":{"0":{"loc":{"start":{"line":26,"column":2},"end":{"line":32,"column":3}},"type":"if","locations":[{"start":{"line":26,"column":2},"end":{"line":32,"column":3}},{"start":{},"end":{}}],"line":26},"1":{"loc":{"start":{"line":34,"column":2},"end":{"line":49,"column":3}},"type":"if","locations":[{"start":{"line":34,"column":2},"end":{"line":49,"column":3}},{"start":{},"end":{}}],"line":34},"2":{"loc":{"start":{"line":62,"column":15},"end":{"line":68,"column":15}},"type":"binary-expr","locations":[{"start":{"line":62,"column":15},"end":{"line":62,"column":26}},{"start":{"line":63,"column":16},"end":{"line":67,"column":18}}],"line":62},"3":{"loc":{"start":{"line":73,"column":19},"end":{"line":77,"column":19}},"type":"binary-expr","locations":[{"start":{"line":73,"column":19},"end":{"line":73,"column":47}},{"start":{"line":74,"column":20},"end":{"line":76,"column":27}}],"line":73},"4":{"loc":{"start":{"line":83,"column":19},"end":{"line":85,"column":19}},"type":"binary-expr","locations":[{"start":{"line":83,"column":19},"end":{"line":83,"column":44}},{"start":{"line":84,"column":20},"end":{"line":84,"column":69}}],"line":83},"5":{"loc":{"start":{"line":86,"column":19},"end":{"line":88,"column":19}},"type":"binary-expr","locations":[{"start":{"line":86,"column":19},"end":{"line":86,"column":56}},{"start":{"line":86,"column":60},"end":{"line":86,"column":99}},{"start":{"line":87,"column":20},"end":{"line":87,"column":76}}],"line":86},"6":{"loc":{"start":{"line":95,"column":34},"end":{"line":95,"column":125}},"type":"cond-expr","locations":[{"start":{"line":95,"column":76},"end":{"line":95,"column":120}},{"start":{"line":95,"column":123},"end":{"line":95,"column":125}}],"line":95}},"s":{"0":0,"1":0,"2":0,"3":0,"4":0,"5":0,"6":0,"7":0,"8":0,"9":0,"10":0,"11":0,"12":0,"13":0,"14":0,"15":0,"16":0,"17":0},"f":{"0":0,"1":0,"2":0,"3":0},"b":{"0":[0,0],"1":[0,0],"2":[0,0],"3":[0,0],"4":[0,0],"5":[0,0,0],"6":[0,0]}}
,"/Users/adarshsinghchauhan/Documents/test/Nagarro-Test/src/pages/OrderHistoryPage.tsx": {"path":"/Users/adarshsinghchauhan/Documents/test/Nagarro-Test/src/pages/OrderHistoryPage.tsx","statementMap":{"0":{"start":{"line":25,"column":35},"end":{"line":199,"column":1}},"1":{"start":{"line":26,"column":19},"end":{"line":26,"column":28}},"2":{"start":{"line":27,"column":30},"end":{"line":27,"column":51}},"3":{"start":{"line":28,"column":32},"end":{"line":28,"column":46}},"4":{"start":{"line":30,"column":2},"end":{"line":45,"column":13}},"5":{"start":{"line":31,"column":24},"end":{"line":40,"column":5}},"6":{"start":{"line":32,"column":6},"end":{"line":39,"column":7}},"7":{"start":{"line":33,"column":25},"end":{"line":33,"column":55}},"8":{"start":{"line":34,"column":8},"end":{"line":34,"column":38}},"9":{"start":{"line":36,"column":8},"end":{"line":36,"column":55}},"10":{"start":{"line":38,"column":8},"end":{"line":38,"column":26}},"11":{"start":{"line":42,"column":4},"end":{"line":44,"column":5}},"12":{"start":{"line":43,"column":6},"end":{"line":43,"column":20}},"13":{"start":{"line":47,"column":25},"end":{"line":62,"column":3}},"14":{"start":{"line":48,"column":4},"end":{"line":61,"column":5}},"15":{"start":{"line":50,"column":8},"end":{"line":50,"column":47}},"16":{"start":{"line":52,"column":8},"end":{"line":52,"column":43}},"17":{"start":{"line":54,"column":8},"end":{"line":54,"column":47}},"18":{"start":{"line":56,"column":8},"end":{"line":56,"column":45}},"19":{"start":{"line":58,"column":8},"end":{"line":58,"column":41}},"20":{"start":{"line":60,"column":8},"end":{"line":60,"column":43}},"21":{"start":{"line":64,"column":32},"end":{"line":75,"column":3}},"22":{"start":{"line":65,"column":4},"end":{"line":74,"column":5}},"23":{"start":{"line":67,"column":8},"end":{"line":67,"column":45}},"24":{"start":{"line":69,"column":8},"end":{"line":69,"column":47}},"25":{"start":{"line":71,"column":8},"end":{"line":71,"column":41}},"26":{"start":{"line":73,"column":8},"end":{"line":73,"column":43}},"27":{"start":{"line":77,"column":2},"end":{"line":83,"column":3}},"28":{"start":{"line":78,"column":4},"end":{"line":82,"column":6}},"29":{"start":{"line":85,"column":2},"end":{"line":91,"column":3}},"30":{"start":{"line":86,"column":4},"end":{"line":90,"column":6}},"31":{"start":{"line":93,"column":2},"end":{"line":198,"column":4}},"32":{"start":{"line":107,"column":12},"end":{"line":193,"column":18}},"33":{"start":{"line":136,"column":20},"end":{"line":151,"column":26}}},"fnMap":{"0":{"name":"(anonymous_0)","decl":{"start":{"line":25,"column":35},"end":{"line":25,"column":36}},"loc":{"start":{"line":25,"column":41},"end":{"line":199,"column":1}},"line":25},"1":{"name":"(anonymous_1)","decl":{"start":{"line":30,"column":12},"end":{"line":30,"column":13}},"loc":{"start":{"line":30,"column":18},"end":{"line":45,"column":3}},"line":30},"2":{"name":"(anonymous_2)","decl":{"start":{"line":31,"column":24},"end":{"line":31,"column":25}},"loc":{"start":{"line":31,"column":36},"end":{"line":40,"column":5}},"line":31},"3":{"name":"(anonymous_3)","decl":{"start":{"line":47,"column":25},"end":{"line":47,"column":26}},"loc":{"start":{"line":47,"column":45},"end":{"line":62,"column":3}},"line":47},"4":{"name":"(anonymous_4)","decl":{"start":{"line":64,"column":32},"end":{"line":64,"column":33}},"loc":{"start":{"line":64,"column":52},"end":{"line":75,"column":3}},"line":64},"5":{"name":"(anonymous_5)","decl":{"start":{"line":106,"column":22},"end":{"line":106,"column":23}},"loc":{"start":{"line":107,"column":12},"end":{"line":193,"column":18}},"line":107},"6":{"name":"(anonymous_6)","decl":{"start":{"line":135,"column":35},"end":{"line":135,"column":36}},"loc":{"start":{"line":136,"column":20},"end":{"line":151,"column":26}},"line":136}},"branchMap":{"0":{"loc":{"start":{"line":42,"column":4},"end":{"line":44,"column":5}},"type":"if","locations":[{"start":{"line":42,"column":4},"end":{"line":44,"column":5}},{"start":{},"end":{}}],"line":42},"1":{"loc":{"start":{"line":48,"column":4},"end":{"line":61,"column":5}},"type":"switch","locations":[{"start":{"line":49,"column":6},"end":{"line":50,"column":47}},{"start":{"line":51,"column":6},"end":{"line":52,"column":43}},{"start":{"line":53,"column":6},"end":{"line":54,"column":47}},{"start":{"line":55,"column":6},"end":{"line":56,"column":45}},{"start":{"line":57,"column":6},"end":{"line":58,"column":41}},{"start":{"line":59,"column":6},"end":{"line":60,"column":43}}],"line":48},"2":{"loc":{"start":{"line":65,"column":4},"end":{"line":74,"column":5}},"type":"switch","locations":[{"start":{"line":66,"column":6},"end":{"line":67,"column":45}},{"start":{"line":68,"column":6},"end":{"line":69,"column":47}},{"start":{"line":70,"column":6},"end":{"line":71,"column":41}},{"start":{"line":72,"column":6},"end":{"line":73,"column":43}}],"line":65},"3":{"loc":{"start":{"line":77,"column":2},"end":{"line":83,"column":3}},"type":"if","locations":[{"start":{"line":77,"column":2},"end":{"line":83,"column":3}},{"start":{},"end":{}}],"line":77},"4":{"loc":{"start":{"line":85,"column":2},"end":{"line":91,"column":3}},"type":"if","locations":[{"start":{"line":85,"column":2},"end":{"line":91,"column":3}},{"start":{},"end":{}}],"line":85},"5":{"loc":{"start":{"line":97,"column":7},"end":{"line":196,"column":7}},"type":"cond-expr","locations":[{"start":{"line":98,"column":8},"end":{"line":103,"column":14}},{"start":{"line":105,"column":8},"end":{"line":195,"column":14}}],"line":97},"6":{"loc":{"start":{"line":163,"column":25},"end":{"line":165,"column":25}},"type":"binary-expr","locations":[{"start":{"line":163,"column":25},"end":{"line":163,"column":45}},{"start":{"line":164,"column":26},"end":{"line":164,"column":104}}],"line":163},"7":{"loc":{"start":{"line":166,"column":25},"end":{"line":168,"column":25}},"type":"binary-expr","locations":[{"start":{"line":166,"column":25},"end":{"line":166,"column":48}},{"start":{"line":167,"column":26},"end":{"line":167,"column":148}}],"line":166},"8":{"loc":{"start":{"line":178,"column":25},"end":{"line":182,"column":25}},"type":"binary-expr","locations":[{"start":{"line":178,"column":25},"end":{"line":178,"column":53}},{"start":{"line":179,"column":26},"end":{"line":181,"column":35}}],"line":178},"9":{"loc":{"start":{"line":183,"column":25},"end":{"line":187,"column":25}},"type":"binary-expr","locations":[{"start":{"line":183,"column":25},"end":{"line":183,"column":45}},{"start":{"line":184,"column":26},"end":{"line":186,"column":35}}],"line":183}},"s":{"0":0,"1":0,"2":0,"3":0,"4":0,"5":0,"6":0,"7":0,"8":0,"9":0,"10":0,"11":0,"12":0,"13":0,"14":0,"15":0,"16":0,"17":0,"18":0,"19":0,"20":0,"21":0,"22":0,"23":0,"24":0,"25":0,"26":0,"27":0,"28":0,"29":0,"30":0,"31":0,"32":0,"33":0},"f":{"0":0,"1":0,"2":0,"3":0,"4":0,"5":0,"6":0},"b":{"0":[0,0],"1":[0,0,0,0,0,0],"2":[0,0,0,0],"3":[0,0],"4":[0,0],"5":[0,0],"6":[0,0],"7":[0,0],"8":[0,0],"9":[0,0]}}
,"/Users/adarshsinghchauhan/Documents/test/Nagarro-Test/src/pages/ProductDetailPage.tsx": {"path":"/Users/adarshsinghchauhan/Documents/test/Nagarro-Test/src/pages/ProductDetailPage.tsx","statementMap":{"0":{"start":{"line":7,"column":36},"end":{"line":263,"column":1}},"1":{"start":{"line":8,"column":17},"end":{"line":8,"column":44}},"2":{"start":{"line":9,"column":32},"end":{"line":9,"column":62}},"3":{"start":{"line":10,"column":32},"end":{"line":10,"column":46}},"4":{"start":{"line":11,"column":44},"end":{"line":11,"column":55}},"5":{"start":{"line":12,"column":44},"end":{"line":12,"column":56}},"6":{"start":{"line":13,"column":42},"end":{"line":13,"column":54}},"7":{"start":{"line":14,"column":34},"end":{"line":14,"column":45}},"8":{"start":{"line":16,"column":24},"end":{"line":16,"column":33}},"9":{"start":{"line":18,"column":2},"end":{"line":22,"column":11}},"10":{"start":{"line":19,"column":4},"end":{"line":21,"column":5}},"11":{"start":{"line":20,"column":6},"end":{"line":20,"column":22}},"12":{"start":{"line":24,"column":22},"end":{"line":42,"column":3}},"13":{"start":{"line":25,"column":4},"end":{"line":41,"column":5}},"14":{"start":{"line":26,"column":6},"end":{"line":26,"column":23}},"15":{"start":{"line":27,"column":26},"end":{"line":27,"column":62}},"16":{"start":{"line":28,"column":6},"end":{"line":36,"column":7}},"17":{"start":{"line":29,"column":8},"end":{"line":29,"column":32}},"18":{"start":{"line":30,"column":8},"end":{"line":32,"column":9}},"19":{"start":{"line":31,"column":10},"end":{"line":31,"column":50}},"20":{"start":{"line":33,"column":8},"end":{"line":35,"column":9}},"21":{"start":{"line":34,"column":10},"end":{"line":34,"column":48}},"22":{"start":{"line":38,"column":6},"end":{"line":38,"column":53}},"23":{"start":{"line":40,"column":6},"end":{"line":40,"column":24}},"24":{"start":{"line":44,"column":26},"end":{"line":54,"column":3}},"25":{"start":{"line":45,"column":4},"end":{"line":45,"column":25}},"26":{"start":{"line":45,"column":18},"end":{"line":45,"column":25}},"27":{"start":{"line":47,"column":4},"end":{"line":53,"column":5}},"28":{"start":{"line":48,"column":6},"end":{"line":48,"column":70}},"29":{"start":{"line":49,"column":6},"end":{"line":49,"column":38}},"30":{"start":{"line":51,"column":6},"end":{"line":51,"column":52}},"31":{"start":{"line":52,"column":6},"end":{"line":52,"column":45}},"32":{"start":{"line":56,"column":31},"end":{"line":60,"column":3}},"33":{"start":{"line":57,"column
[...]
lumn":7}},"type":"if","locations":[{"start":{"line":40,"column":6},"end":{"line":48,"column":7}},{"start":{},"end":{}}],"line":40},"11":{"loc":{"start":{"line":66,"column":17},"end":{"line":66,"column":76}},"type":"binary-expr","locations":[{"start":{"line":66,"column":17},"end":{"line":66,"column":46}},{"start":{"line":66,"column":50},"end":{"line":66,"column":76}}],"line":66},"12":{"loc":{"start":{"line":72,"column":2},"end":{"line":78,"column":3}},"type":"if","locations":[{"start":{"line":72,"column":2},"end":{"line":78,"column":3}},{"start":{},"end":{}}],"line":72},"13":{"loc":{"start":{"line":89,"column":13},"end":{"line":97,"column":13}},"type":"binary-expr","locations":[{"start":{"line":89,"column":13},"end":{"line":89,"column":20}},{"start":{"line":90,"column":14},"end":{"line":96,"column":20}}],"line":89},"14":{"loc":{"start":{"line":91,"column":16},"end":{"line":93,"column":66}},"type":"cond-expr","locations":[{"start":{"line":92,"column":20},"end":{"line":92,"column":72}},{"start":{"line":93,"column":20},"end":{"line":93,"column":66}}],"line":91},"15":{"loc":{"start":{"line":217,"column":47},"end":{"line":217,"column":93}},"type":"cond-expr","locations":[{"start":{"line":217,"column":57},"end":{"line":217,"column":88}},{"start":{"line":217,"column":91},"end":{"line":217,"column":93}}],"line":217},"16":{"loc":{"start":{"line":219,"column":15},"end":{"line":219,"column":57}},"type":"cond-expr","locations":[{"start":{"line":219,"column":25},"end":{"line":219,"column":38}},{"start":{"line":219,"column":41},"end":{"line":219,"column":57}}],"line":219},"17":{"loc":{"start":{"line":236,"column":26},"end":{"line":236,"column":54}},"type":"binary-expr","locations":[{"start":{"line":236,"column":26},"end":{"line":236,"column":40}},{"start":{"line":236,"column":44},"end":{"line":236,"column":54}}],"line":236},"18":{"loc":{"start":{"line":243,"column":17},"end":{"line":243,"column":50}},"type":"cond-expr","locations":[{"start":{"line":243,"column":38},"end":{"line":243,"column":43}},{"start":{"line":243,"column":46},"end":{"line":243,"column":50}}],"line":243},"19":{"loc":{"start":{"line":250,"column":17},"end":{"line":250,"column":54}},"type":"cond-expr","locations":[{"start":{"line":250,"column":33},"end":{"line":250,"column":41}},{"start":{"line":250,"column":44},"end":{"line":250,"column":54}}],"line":250}},"s":{"0":0,"1":0,"2":0,"3":0,"4":0,"5":0,"6":0,"7":0,"8":0,"9":0,"10":0,"11":0,"12":0,"13":0,"14":0,"15":0,"16":0,"17":0,"18":0,"19":0,"20":0,"21":0,"22":0,"23":0,"24":0,"25":0,"26":0,"27":0,"28":0,"29":0,"30":0,"31":0,"32":0,"33":0},"f":{"0":0,"1":0,"2":0,"3":0,"4":0,"5":0,"6":0,"7":0,"8":0,"9":0,"10":0,"11":0,"12":0,"13":0},"b":{"0":[0,0],"1":[0,0],"2":[0,0],"3":[0,0],"4":[0,0],"5":[0,0],"6":[0,0],"7":[0,0],"8":[0,0],"9":[0,0],"10":[0,0],"11":[0,0],"12":[0,0],"13":[0,0],"14":[0,0],"15":[0,0],"16":[0,0],"17":[0,0],"18":[0,0],"19":[0,0]}}
,"/Users/adarshsinghchauhan/Documents/test/Nagarro-Test/src/pages/RegisterPage.tsx": {"path":"/Users/adarshsinghchauhan/Documents/test/Nagarro-Test/src/pages/RegisterPage.tsx","statementMap":{"0":{"start":{"line":5,"column":31},"end":{"line":231,"column":1}},"1":{"start":{"line":6,"column":23},"end":{"line":6,"column":32}},"2":{"start":{"line":7,"column":19},"end":{"line":7,"column":32}},"3":{"start":{"line":8,"column":34},"end":{"line":14,"column":4}},"4":{"start":{"line":15,"column":30},"end":{"line":15,"column":69}},"5":{"start":{"line":16,"column":32},"end":{"line":16,"column":47}},"6":{"start":{"line":18,"column":23},"end":{"line":30,"column":3}},"7":{"start":{"line":19,"column":4},"end":{"line":22,"column":7}},"8":{"start":{"line":24,"column":4},"end":{"line":29,"column":5}},"9":{"start":{"line":25,"column":6},"end":{"line":28,"column":9}},"10":{"start":{"line":32,"column":23},"end":{"line":63,"column":3}},"11":{"start":{"line":33,"column":49},"end":{"line":33,"column":51}},"12":{"start":{"line":35,"column":4},"end":{"line":37,"column":5}},"13":{"start":{"line":36,"column":6},"end":{"line":36,"column":53}},"14":{"start":{"line":39,"column":4},"end":{"line":41,"column":5}},"15":{"start":{"line":40,"column":6},"end":{"line":40,"column":51}},"16":{"start":{"line":43,"column":4},"end":{"line":47,"column":5}},"17":{"start":{"line":44,"column":6},"end":{"line":44,"column":44}},"18":{"start":{"line":45,"column":11},"end":{"line":47,"column":5}},"19":{"start":{"line":46,"column":6},"end":{"line":46,"column":43}},"20":{"start":{"line":49,"column":4},"end":{"line":53,"column":5}},"21":{"start":{"line":50,"column":6},"end":{"line":50,"column":50}},"22":{"start":{"line":51,"column":11},"end":{"line":53,"column":5}},"23":{"start":{"line":52,"column":6},"end":{"line":52,"column":68}},"24":{"start":{"line":55,"column":4},"end":{"line":59,"column":5}},"25":{"start":{"line":56,"column":6},"end":{"line":56,"column":65}},"26":{"start":{"line":57,"column":11},"end":{"line":59,"column":5}},"27":{"start":{"line":58,"column":6},"end":{"line":58,"column":59}},"28":{"start":{"line":61,"column":4},"end":{"line":61,"column":25}},"29":{"start":{"line":62,"column":4},"end":{"line":62,"column":47}},"30":{"start":{"line":65,"column":23},"end":{"line":86,"column":3}},"31":{"start":{"line":66,"column":4},"end":{"line":66,"column":23}},"32":{"start":{"line":68,"column":4},"end":{"line":68,"column":32}},"33":{"start":{"line":68,"column":25},"end":{"line":68,"column":32}},"34":{"start":{"line":70,"column":4},"end":{"line":70,"column":21}},"35":{"start":{"line":71,"column":4},"end":{"line":85,"column":5}},"36":{"start":{"line":72,"column":6},"end":{"line":77,"column":9}},"37":{"start":{"line":78,"column":6},"end":{"line":78,"column":20}},"38":{"start":{"line":80,"column":6},"end":{"line":82,"column":9}},"39":{"start":{"line":84,"column":6},"end":{"line":84,"column":24}},"40":{"start":{"line":88,"column":2},"end":{"line":230,"column":4}}},"fnMap":{"0":{"name":"(anonymous_0)","decl":{"start":{"line":5,"column":31},"end":{"line":5,"column":32}},"loc":{"start":{"line":5,"column":37},"end":{"line":231,"column":1}},"line":5},"1":{"name":"(anonymous_1)","decl":{"start":{"line":18,"column":23},"end":{"line":18,"column":24}},"loc":{"start":{"line":18,"column":67},"end":{"line":30,"column":3}},"line":18},"2":{"name":"(anonymous_2)","decl":{"start":{"line":32,"column":23},"end":{"line":32,"column":24}},"loc":{"start":{"line":32,"column":29},"end":{"line":63,"column":3}},"line":32},"3":{"name":"(anonymous_3)","decl":{"start":{"line":65,"column":23},"end":{"line":65,"column":24}},"loc":{"start":{"line":65,"column":53},"end":{"line":86,"column":3}},"line":65}},"branchMap":{"0":{"loc":{"start":{"line":24,"column":4},"end":{"line":29,"column":5}},"type":"if","locations":[{"start":{"line":24,"column":4},"end":{"line":29,"column":5}},{"start":{},"end":{}}],"line":24},"1":{"loc":{"start":{"line":35,"column":4},"end":{"line":37,"column":5}},"type":"if","locations":[{"start":{"line":35,"column":4},"end":{"line":37,"column":5}},{"start":{},"end":{}}],"line":35},"2":{"loc":{"start":{"line":39,"column":4},"end":{"line":41,"column":5}},"type":"if","locations":[{"start":{"line":39,"column":4},"end":{"line":41,"column":5}},{"start":{},"end":{}}],"line":39},"3":{"loc":{"start":{"line":43,"column":4},"end":{"line":47,"column":5}},"type":"if","locations":[{"start":{"line":43,"column":4},"end":{"line":47,"column":5}},{"start":{"line":45,"column":11},"end":{"line":47,"column":5}}],"line":43},"4":{"loc":{"start":{"line":45,"column":11},"end":{"line":47,"column":5}},"type":"if","locations":[{"start":{"line":45,"column":11},"end":{"line":47,"column":5}},{"start":{},"end":{}}],"line":45},"5":{"loc":{"start":{"line":49,"column":4},"end":{"line":53,"column":5}},"type":"if","locations":[{"start":{"line":49,"column":4},"end":{"line":53,"column":5}},{"start":{"line":51,"column":11},"end":{"line":53,"column":5}}],"line":49},"6":{"loc":{"start":{"line":51,"column":11},"end":{"line":53,"column":5}},"type":"if","locations":[{"start":{"line":51,"column":11},"end":{"line":53,"column":5}},{"start":{},"end":{}}],"line":51},"7":{"loc":{"start":{"line":55,"column":4},"end":{"line":59,"column":5}},"type":"if","locations":[{"start":{"line":55,"column":4},"end":{"line":59,"column":5}},{"start":{"line":57,"column":11},"end":{"line":59,"column":5}}],"line":55},"8":{"loc":{"start":{"line":57,"column":11},"end":{"line":59,"column":5}},"type":"if","locations":[{"start":{"line":57,"column":11},"end":{"line":59,"column":5}},{"start":{},"end":{}}],"line":57},"9":{"loc":{"start":{"line":68,"column":4},"end":{"line":68,"column":32}},"type":"if","locations":[{"start":{"line":68,"column":4},"end":{"line":68,"column":32}},{"start":{},"end":{}}],"line":68},"10":{"loc":{"start":{"line":81,"column":17},"end":{"line":81,"column":90}},"type":"binary-expr","locations":[{"start":{"line":81,"column":17},"end":{"line":81,"column":46}},{"start":{"line":81,"column":50},"end":{"line":81,"column":90}}],"line":81},"11":{"loc":{"start":{"line":104,"column":11},"end":{"line":108,"column":11}},"type":"binary-expr","locations":[{"start":{"line":104,"column":11},"end":{"line":104,"column":25}},{"start":{"line":105,"column":12},"end":{"line":107,"column":18}}],"line":104},"12":{"loc":{"start":{"line":122,"column":49},"end":{"line":122,"column":89}},"type":"cond-expr","locations":[{"start":{"line":122,"column":68},"end":{"line":122,"column":84}},{"start":{"line":122,"column":87},"end":{"line":122,"column":89}}],"line":122},"13":{"loc":{"start":{"line":127,"column":17},"end":{"line":129,"column":17}},"type":"binary-expr","locations":[{"start":{"line":127,"column":17},"end":{"line":127,"column":33}},{"start":{"line":128,"column":18},"end":{"line":128,"column":81}}],"line":127},"14":{"loc":{"start":{"line":142,"column":49},"end":{"line":142,"column":88}},"type":"cond-expr","locations":[{"start":{"line":142,"column":67},"end":{"line":142,"column":83}},{"start":{"line":142,"column":86},"end":{"line":142,"column":88}}],"line":142},"15":{"loc":{"start":{"line":147,"column":17},"end":{"line":149,"column":17}},"type":"binary-expr","locations":[{"start":{"line":147,"column":17},"end":{"line":147,"column":32}},{"start":{"line":148,"column":18},"end":{"line":148,"column":80}}],"line":147},"16":{"loc":{"start":{"line":163,"column":47},"end":{"line":163,"column":83}},"type":"cond-expr","locations":[{"start":{"line":163,"column":62},"end":{"line":163,"column":78}},{"start":{"line":163,"column":81},"end":{"line":163,"column":83}}],"line":163},"17":{"loc":{"start":{"line":168,"column":15},"end":{"line":170,"column":15}},"type":"binary-expr","locations":[{"start":{"line":168,"column":15},"end":{"line":168,"column":27}},{"start":{"line":169,"column":16},"end":{"line":169,"column":75}}],"line":168},"18":{"loc":{"start":{"line":183,"column":47},"end":{"line":183,"column":86}},"type":"cond-expr","locations":[{"start":{"line":183,"column":65},"end":{"line":183,"column":81}},{"start":{"line":183,"column":84},"end":{"line":183,"column":86}}],"line":183},"19":{"loc":{"start":{"line":188,"column":15},"end":{"line":190,"column":15}},"type":"binary-expr","locations":[{"start":{"line":188,"column":15},"end":{"line":188,"column":30}},{"start":{"line":189,"column":16},"end":{"line":189,"column":78}}],"line":188},"20":{"loc":{"start":{"line":203,"column":47},"end":{"line":203,"column":93}},"type":"cond-expr","locations":[{"start":{"line":203,"column":72},"end":{"line":203,"column":88}},{"start":{"line":203,"column":91},"end":{"line":203,"column":93}}],"line":203},"21":{"loc":{"start":{"line":208,"column":15},"end":{"line":210,"column":15}},"type":"binary-expr","locations":[{"start":{"line":208,"column":15},"end":{"line":208,"column":37}},{"start":{"line":209,"column":16},"end":{"line":209,"column":85}}],"line":208},"22":{"loc":{"start":{"line":219,"column":16},"end":{"line":221,"column":132}},"type":"cond-expr","locations":[{"start":{"line":220,"column":20},"end":{"line":220,"column":52}},{"start":{"line":221,"column":20},"end":{"line":221,"column":132}}],"line":219},"23":{"loc":{"start":{"line":224,"column":15},"end":{"line":224,"column":65}},"type":"cond-expr","locations":[{"start":{"line":224,"column":25},"end":{"line":224,"column":46}},{"start":{"line":224,"column":49},"end":{"line":224,"column":65}}],"line":224}},"s":{"0":0,"1":0,"2":0,"3":0,"4":0,"5":0,"6":0,"7":0,"8":0,"9":0,"10":0,"11":0,"12":0,"13":0,"14":0,"15":0,"16":0,"17":0,"18":0,"19":0,"20":0,"21":0,"22":0,"23":0,"24":0,"25":0,"26":0,"27":0,"28":0,"29":0,"30":0,"31":0,"32":0,"33":0,"34":0,"35":0,"36":0,"37":0,"38":0,"39":0,"40":0},"f":{"0":0,"1":0,"2":0,"3":0},"b":{"0":[0,0],"1":[0,0],"2":[0,0],"3":[0,0],"4":[0,0],"5":[0,0],"6":[0,0],"7":[0,0],"8":[0,0],"9":[0,0],"10":[0,0],"11":[0,0],"12":[0,0],"13":[0,0],"14":[0,0],"15":[0,0],"16":[0,0],"17":[0,0],"18":[0,0],"19":[0,0],"20":[0,0],"21":[0,0],"22":[0,0],"23":[0,0]}}
,"/Users/adarshsinghchauhan/Documents/test/Nagarro-Test/src/services/api.ts": {"path":"/Users/adarshsinghchauhan/Documents/test/Nagarro-Test/src/services/api.ts","statementMap":{"0":{"start":{"line":5,"column":27},"end":{"line":21,"column":1}},"1":{"start":{"line":7,"column":4},"end":{"line":7,"column":40}},"2":{"start":{"line":11,"column":4},"end":{"line":11,"column":34}},"3":{"start":{"line":15,"column":4},"end":{"line":15,"column":41}},"4":{"start":{"line":19,"column":4},"end":{"line":19,"column":35}},"5":{"start":{"line":24,"column":23},"end":{"line":44,"column":1}},"6":{"start":{"line":26,"column":4},"end":{"line":26,"column":29}},"7":{"start":{"line":30,"column":4},"end":{"line":30,"column":63}},"8":{"start":{"line":34,"column":4},"end":{"line":34,"column":52}},"9":{"start":{"line":38,"column":4},"end":{"line":38,"column":42}},"10":{"start":{"line":42,"column":4},"end":{"line":42,"column":31}},"11":{"start":{"line":47,"column":25},"end":{"line":55,"column":1}},"12":{"start":{"line":49,"column":4},"end":{"line":49,"column":31}},"13":{"start":{"line":53,"column":4},"end":{"line":53,"column":42}},"14":{"start":{"line":58,"column":25},"end":{"line":62,"column":1}},"15":{"start":{"line":60,"column":4},"end":{"line":60,"column":31}},"16":{"start":{"line":65,"column":23},"end":{"line":77,"column":1}},"17":{"start":{"line":67,"column":4},"end":{"line":67,"column":42}},"18":{"start":{"line":71,"column":4},"end":{"line":71,"column":38}},"19":{"start":{"line":75,"column":4},"end":{"line":75,"column":36}},"20":{"start":{"line":80,"column":26},"end":{"line":94,"column":1}},"21":{"start":{"line":83,"column":4},"end":{"line":83,"column":59}},"22":{"start":{"line":83,"column":33},"end":{"line":83,"column":57}},"23":{"start":{"line":84,"column":4},"end":{"line":86,"column":6}},"24":{"start":{"line":91,"column":4},"end":{"line":91,"column":60}},"25":{"start":{"line":91,"column":33},"end":{"line":91,"column":58}},"26":{"start":{"line":92,"column":4},"end":{"line":92,"column":29}}},"fnMap":{"0":{"name":"(anonymous_0)","decl":{"start":{"line":6,"column":10},"end":{"line":6,"column":11}},"loc":{"start":{"line":6,"column":55},"end":{"line":8,"column":3}},"line":6},"1":{"name":"(anonymous_1)","decl":{"start":{"line":10,"column":11},"end":{"line":10,"column":12}},"loc":{"start":{"line":10,"column":58},"end":{"line":12,"column":3}},"line":10},"2":{"name":"(anonymous_2)","decl":{"start":{"line":14,"column":15},"end":{"line":14,"column":16}},"loc":{"start":{"line":14,"column":47},"end":{"line":16,"column":3}},"line":14},"3":{"name":"(anonymous_3)","decl":{"start":{"line":18,"column":17},"end":{"line":18,"column":18}},"loc":{"start":{"line":18,"column":48},"end":{"line":20,"column":3}},"line":18},"4":{"name":"(anonymous_4)","decl":{"start":{"line":25,"column":7},"end":{"line":25,"column":8}},"loc":{"start":{"line":25,"column":40},"end":{"line":27,"column":3}},"line":25},"5":{"name":"(anonymous_5)","decl":{"start":{"line":29,"column":11},"end":{"line":29,"column":12}},"loc":{"start":{"line":29,"column":110},"end":{"line":31,"column":3}},"line":29},"6":{"name":"(anonymous_6)","decl":{"start":{"line":33,"column":14},"end":{"line":33,"column":15}},"loc":{"start":{"line":33,"column":79},"end":{"line":35,"column":3}},"line":33},"7":{"name":"(anonymous_7)","decl":{"start":{"line":37,"column":14},"end":{"line":37,"column":15}},"loc":{"start":{"line":37,"column":61},"end":{"line":39,"column":3}},"line":37},"8":{"name":"(anonymous_8)","decl":{"start":{"line":41,"column":9},"end":{"line":41,"column":10}},"loc":{"start":{"line":41,"column":36},"end":{"line":43,"column":3}},"line":41},"9":{"name":"(anonymous_9)","decl":{"start":{"line":48,"column":10},"end":{"line":48,"column":11}},"loc":{"start":{"line":48,"column":40},"end":{"line":50,"column":3}},"line":48},"10":{"name":"(anonymous_10)","decl":{"start":{"line":52,"column":10},"end":{"line":52,"column":11}},"loc":{"start":{"line":52,"column":52},"end":{"line":54,"column":3}},"line":52},"11":{"name":"(anonymous_11)","decl":{"start":{"line":59,"column":10},"end":{"line":59,"column":11}},"loc":{"start":{"line":59,"column":40},"end":{"line":61,"column":3}},"line":59},"12":{"name":"(anonymous_12)","decl":{"start":{"line":66,"column":9},"end":{"line":66,"column":10}},"loc":{"start":{"line":66,"column":92},"end":{"line":68,"column":3}},"line":66},"13":{"name":"(anonymous_13)","decl":{"start":{"line":70,"column":12},"end":{"line":70,"column":13}},"loc":{"start":{"line":70,"column":77},"end":{"line":72,"column":3}},"line":70},"14":{"name":"(anonymous_14)","decl":{"start":{"line":74,"column":18},"end":{"line":74,"column":19}},"loc":{"start":{"line":74,"column":45},"end":{"line":76,"column":3}},"line":74},"15":{"name":"(anonymous_15)","decl":{"start":{"line":81,"column":23},"end":{"line":81,"column":24}},"loc":{"start":{"line":81,"column":84},"end":{"line":87,"column":3}},"line":81},"16":{"name":"(anonymous_16)","decl":{"start":{"line":83,"column":22},"end":{"line":83,"column":23}},"loc":{"start":{"line":83,"column":33},"end":{"line":83,"column":57}},"line":83},"17":{"name":"(anonymous_17)","decl":{"start":{"line":89,"column":18},"end":{"line":89,"column":19}},"loc":{"start":{"line":89,"column":84},"end":{"line":93,"column":3}},"line":89},"18":{"name":"(anonymous_18)","decl":{"start":{"line":91,"column":22},"end":{"line":91,"column":23}},"loc":{"start":{"line":91,"column":33},"end":{"line":91,"column":58}},"line":91}},"branchMap":{},"s":{"0":3,"1":0,"2":0,"3":0,"4":0,"5":3,"6":7,"7":0,"8":0,"9":0,"10":0,"11":3,"12":0,"13":0,"14":3,"15":0,"16":3,"17":0,"18":0,"19":0,"20":3,"21":0,"22":0,"23":0,"24":0,"25":0,"26":0},"f":{"0":0,"1":0,"2":0,"3":0,"4":7,"5":0,"6":0,"7":0,"8":0,"9":0,"10":0,"11":0,"12":0,"13":0,"14":0,"15":0,"16":0,"17":0,"18":0},"b":{},"_coverageSchema":"1a1c01bbd47fc00a2c39e90264f33305004495a9","hash":"7be21081d60291998f48f8bca21a60ee5ed56927"}
,"/Users/adarshsinghchauhan/Documents/test/Nagarro-Test/src/utils/test-utils.tsx": {"path":"/Users/adarshsinghchauhan/Documents/test/Nagarro-Test/src/utils/test-utils.tsx","statementMap":{"0":{"start":{"line":15,"column":59},"end":{"line":23,"column":3}},"1":{"start":{"line":16,"column":4},"end":{"line":22,"column":21}},"2":{"start":{"line":25,"column":2},"end":{"line":25,"column":63}}},"fnMap":{"0":{"name":"render","decl":{"start":{"line":8,"column":9},"end":{"line":8,"column":15}},"loc":{"start":{"line":14,"column":2},"end":{"line":26,"column":1}},"line":14},"1":{"name":"(anonymous_1)","decl":{"start":{"line":15,"column":59},"end":{"line":15,"column":60}},"loc":{"start":{"line":16,"column":4},"end":{"line":22,"column":21}},"line":16}},"branchMap":{"0":{"loc":{"start":{"line":10,"column":2},"end":{"line":13,"column":47}},"type":"default-arg","locations":[{"start":{"line":13,"column":45},"end":{"line":13,"column":47}}],"line":10},"1":{"loc":{"start":{"line":11,"column":4},"end":{"line":11,"column":15}},"type":"default-arg","locations":[{"start":{"line":11,"column":12},"end":{"line":11,"column":15}}],"line":11}},"s":{"0":1,"1":1,"2":1},"f":{"0":1,"1":1},"b":{"0":[1],"1":[1]},"_coverageSchema":"1a1c01bbd47fc00a2c39e90264f33305004495a9","hash":"24d10008f88eac8f6201f54f454105e05eda62d9"}
}
