TN:
SF:src/App.tsx
FN:17,App
FNF:1
FNH:0
FNDA:0,App
DA:18,0
DA:20,0
LF:2
LH:0
BRDA:33,0,0,0
BRDA:33,0,1,0
BRF:2
BRH:0
end_of_record
TN:
SF:src/components/Footer.tsx
FN:5,(anonymous_0)
FNF:1
FNH:1
FNDA:2,(anonymous_0)
DA:5,1
DA:6,2
DA:7,2
LF:3
LH:3
BRDA:14,0,0,2
BRDA:14,0,1,0
BRF:2
BRH:1
end_of_record
TN:
SF:src/components/Header.tsx
FN:7,(anonymous_0)
FN:23,(anonymous_1)
FNF:2
FNH:2
FNDA:7,(anonymous_0)
FNDA:1,(anonymous_1)
DA:7,1
DA:8,7
DA:9,7
DA:10,7
DA:11,7
DA:13,7
DA:23,1
LF:7
LH:7
BRDA:25,0,0,7
BRDA:25,0,1,1
BRDA:31,1,0,2
BRDA:31,1,1,5
BRF:4
BRH:4
end_of_record
TN:
SF:src/components/LoadingState.tsx
FN:9,(anonymous_0)
FN:16,(anonymous_1)
FN:18,(anonymous_2)
FN:22,(anonymous_3)
FNF:4
FNH:0
FNDA:0,(anonymous_0)
FNDA:0,(anonymous_1)
FNDA:0,(anonymous_2)
FNDA:0,(anonymous_3)
DA:9,0
DA:14,0
DA:16,0
DA:18,0
DA:19,0
DA:22,0
DA:25,0
DA:26,0
DA:29,0
DA:36,0
DA:48,0
DA:49,0
DA:56,0
LF:13
LH:0
BRDA:10,0,0,0
BRDA:11,1,0,0
BRDA:12,2,0,0
BRDA:25,3,0,0
BRDA:25,3,1,0
BRDA:42,4,0,0
BRDA:42,4,1,0
BRDA:48,5,0,0
BRDA:48,5,1,0
BRF:9
BRH:0
end_of_record
TN:
SF:src/components/SEO.tsx
FN:13,(anonymous_0)
FNF:1
FNH:1
FNDA:10,(anonymous_0)
DA:13,1
DA:21,10
DA:22,10
DA:24,10
LF:4
LH:4
BRDA:14,0,0,6
BRDA:15,1,0,8
BRDA:16,2,0,8
BRDA:17,3,0,8
BRDA:18,4,0,8
BRDA:19,5,0,8
BRDA:22,6,0,1
BRDA:22,6,1,9
BRF:8
BRH:8
end_of_record
TN:
SF:src/contexts/AuthContext.tsx
FN:15,(anonymous_0)
FN:27,(anonymous_1)
FN:31,(anonymous_2)
FN:32,(anonymous_3)
FN:50,(anonymous_4)
FN:60,(anonymous_5)
FN:70,(anonymous_6)
FNF:7
FNH:7
FNDA:21,(anonymous_0)
FNDA:33,(anonymous_1)
FNDA:15,(anonymous_2)
FNDA:15,(anonymous_3)
FNDA:2,(anonymous_4)
FNDA:2,(anonymous_5)
FNDA:1,(anonymous_6)
DA:13,3
DA:15,3
DA:16,21
DA:17,21
DA:18,0
DA:20,21
DA:27,3
DA:28,33
DA:29,33
DA:31,33
DA:32,15
DA:33,15
DA:34,15
DA:35,15
DA:36,3
DA:37,2
DA:40,1
DA:41,1
DA:43,15
DA:47,15
DA:50,33
DA:51,2
DA:52,2
DA:53,1
DA:54,1
DA:56,1
DA:60,33
DA:61,2
DA:62,2
DA:63,1
DA:64,1
DA:66,1
DA:70,33
DA:71,1
DA:72,1
DA:75,33
DA:83,33
LF:37
LH:36
BRDA:17,0,0,0
BRDA:17,0,1,21
BRDA:35,1,0,3
BRDA:35,1,1,12
BRF:4
BRH:3
end_of_record
TN:
SF:src/contexts/CartContext.tsx
FN:18,(anonymous_0)
FN:30,(anonymous_1)
FN:34,(anonymous_2)
FN:38,(anonymous_3)
FN:50,(anonymous_4)
FN:60,(anonymous_5)
FN:70,(anonymous_6)
FN:80,(anonymous_7)
FN:90,(anonymous_8)
FN:91,(anonymous_9)
FN:94,(anonymous_10)
FN:95,(anonymous_11)
FNF:12
FNH:12
FNDA:20,(anonymous_0)
FNDA:27,(anonymous_1)
FNDA:15,(anonymous_2)
FNDA:15,(anonymous_3)
FNDA:1,(anonymous_4)
FNDA:1,(anonymous_5)
FNDA:1,(anonymous_6)
FNDA:1,(anonymous_7)
FNDA:1,(anonymous_8)
FNDA:2,(anonymous_9)
FNDA:2,(anonymous_10)
FNDA:3,(anonymous_11)
DA:16,3
DA:18,3
DA:19,20
DA:20,20
DA:21,0
DA:23,20
DA:30,3
DA:31,27
DA:32,27
DA:34,27
DA:35,15
DA:38,27
DA:39,15
DA:40,15
DA:41,15
DA:42,8
DA:44,0
DA:46,8
DA:50,27
DA:51,1
DA:52,1
DA:53,1
DA:55,0
DA:56,0
DA:60,27
DA:61,1
DA:62,1
DA:63,1
DA:65,0
DA:66,0
DA:70,27
DA:71,1
DA:72,1
DA:73,1
DA:75,0
DA:76,0
DA:80,27
DA:81,1
DA:82,1
DA:83,1
DA:85,0
DA:86,0
DA:90,27
DA:91,2
DA:94,27
DA:95,2
DA:96,3
DA:97,3
DA:101,27
DA:112,27
LF:50
LH:40
BRDA:20,0,0,0
BRDA:20,0,1,20
BRF:2
BRH:1
end_of_record
TN:
SF:src/data/mockData.ts
FN:407,(anonymous_0)
FN:409,(anonymous_1)
FN:415,(anonymous_2)
FN:419,(anonymous_3)
FN:423,(anonymous_4)
FN:427,(anonymous_5)
FN:432,(anonymous_6)
FN:440,(anonymous_7)
FN:441,(anonymous_8)
FN:449,(anonymous_9)
FN:450,(anonymous_10)
FN:451,(anonymous_11)
FN:454,(anonymous_12)
FN:455,(anonymous_13)
FN:456,(anonymous_14)
FN:460,(anonymous_15)
FN:461,(anonymous_16)
FN:462,(anonymous_17)
FN:467,(anonymous_18)
FN:468,(anonymous_19)
FN:472,(anonymous_20)
FN:473,(anonymous_21)
FN:474,(anonymous_22)
FN:477,(anonymous_23)
FN:505,(anonymous_24)
FN:506,(anonymous_25)
FN:507,(anonymous_26)
FN:529,(anonymous_27)
FN:530,(anonymous_28)
FN:531,(anonymous_29)
FN:545,(anonymous_30)
FN:546,(anonymous_31)
FN:551,(anonymous_32)
FN:552,(anonymous_33)
FN:556,(anonymous_34)
FN:557,(anonymous_35)
FN:578,(anonymous_36)
FN:579,(anonymous_37)
FN:580,(anonymous_38)
FN:584,(anonymous_39)
FN:585,(anonymous_40)
FN:595,(anonymous_41)
FN:596,(anonymous_42)
FN:612,(anonymous_43)
FN:613,(anonymous_44)
FNF:45
FNH:2
FNDA:0,(anonymous_0)
FNDA:0,(anonymous_1)
FNDA:0,(anonymous_2)
FNDA:0,(anonymous_3)
FNDA:0,(anonymous_4)
FNDA:0,(anonymous_5)
FNDA:0,(anonymous_6)
FNDA:0,(anonymous_7)
FNDA:0,(anonymous_8)
FNDA:0,(anonymous_9)
FNDA:0,(anonymous_10)
FNDA:0,(anonymous_11)
FNDA:0,(anonymous_12)
FNDA:0,(anonymous_13)
FNDA:0,(anonymous_14)
FNDA:0,(anonymous_15)
FNDA:0,(anonymous_16)
FNDA:0,(anonymous_17)
FNDA:7,(anonymous_18)
FNDA:7,(anonymous_19)
FNDA:0,(anonymous_20)
FNDA:0,(anonymous_21)
FNDA:0,(anonymous_22)
FNDA:0,(anonymous_23)
FNDA:0,(anonymous_24)
FNDA:0,(anonymous_25)
FNDA:0,(anonymous_26)
FNDA:0,(anonymous_27)
FNDA:0,(anonymous_28)
FNDA:0,(anonymous_29)
FNDA:0,(anonymous_30)
FNDA:0,(anonymous_31)
FNDA:0,(anonymous_32)
FNDA:0,(anonymous_33)
FNDA:0,(anonymous_34)
FNDA:0,(anonymous_35)
FNDA:0,(anonymous_36)
FNDA:0,(anonymous_37)
FNDA:0,(anonymous_38)
FNDA:0,(anonymous_39)
FNDA:0,(anonymous_40)
FNDA:0,(anonymous_41)
FNDA:0,(anonymous_42)
FNDA:0,(anonymous_43)
FNDA:0,(anonymous_44)
DA:83,4
DA:263,4
DA:284,4
DA:302,4
DA:365,4
DA:405,4
DA:409,0
DA:411,0
DA:413,0
DA:414,0
DA:415,0
DA:418,0
DA:419,0
DA:422,0
DA:423,0
DA:426,0
DA:427,0
DA:430,0
DA:431,0
DA:432,0
DA:433,0
DA:439,0
DA:440,0
DA:441,0
DA:446,0
DA:450,0
DA:451,0
DA:455,0
DA:456,0
DA:461,0
DA:462,0
DA:463,0
DA:468,7
DA:469,0
DA:473,0
DA:474,0
DA:475,0
DA:477,0
DA:478,0
DA:483,0
DA:485,0
DA:486,0
DA:491,0
DA:500,0
DA:501,0
DA:502,0
DA:506,0
DA:507,0
DA:509,0
DA:510,0
DA:512,0
DA:513,0
DA:515,0
DA:521,0
DA:522,0
DA:523,0
DA:526,0
DA:530,0
DA:531,0
DA:533,0
DA:534,0
DA:535,0
DA:537,0
DA:538,0
DA:539,0
DA:542,0
DA:546,0
DA:547,0
DA:552,0
DA:553,0
DA:557,0
DA:558,0
DA:571,0
DA:572,0
DA:574,0
DA:579,0
DA:580,0
DA:585,0
DA:586,0
DA:587,0
DA:592,0
DA:596,0
DA:597,0
DA:606,0
DA:613,0
DA:614,0
DA:619,4
LF:87
LH:8
BRDA:413,0,0,0
BRDA:413,0,1,0
BRDA:414,1,0,0
BRDA:414,1,1,0
BRDA:414,2,0,0
BRDA:414,2,1,0
BRDA:418,3,0,0
BRDA:418,3,1,0
BRDA:422,4,0,0
BRDA:422,4,1,0
BRDA:426,5,0,0
BRDA:426,5,1,0
BRDA:430,6,0,0
BRDA:430,6,1,0
BRDA:433,7,0,0
BRDA:433,7,1,0
BRDA:433,7,2,0
BRDA:439,8,0,0
BRDA:439,8,1,0
BRDA:451,9,0,0
BRDA:451,9,1,0
BRDA:475,10,0,0
BRDA:475,10,1,0
BRDA:478,11,0,0
BRDA:478,11,1,0
BRDA:478,11,2,0
BRDA:485,12,0,0
BRDA:485,12,1,0
BRDA:509,13,0,0
BRDA:509,13,1,0
BRDA:512,14,0,0
BRDA:512,14,1,0
BRDA:533,15,0,0
BRDA:533,15,1,0
BRDA:586,16,0,0
BRDA:586,16,1,0
BRDA:586,17,0,0
BRDA:586,17,1,0
BRF:38
BRH:0
end_of_record
TN:
SF:src/pages/CartPage.tsx
FN:6,(anonymous_0)
FN:31,(anonymous_1)
FN:49,(anonymous_2)
FN:56,(anonymous_3)
FN:67,(anonymous_4)
FN:97,(anonymous_5)
FN:118,(anonymous_6)
FNF:7
FNH:0
FNDA:0,(anonymous_0)
FNDA:0,(anonymous_1)
FNDA:0,(anonymous_2)
FNDA:0,(anonymous_3)
FNDA:0,(anonymous_4)
FNDA:0,(anonymous_5)
FNDA:0,(anonymous_6)
DA:6,0
DA:7,0
DA:8,0
DA:9,0
DA:11,0
DA:13,0
DA:14,0
DA:23,0
DA:32,0
DA:49,0
DA:56,0
DA:67,0
DA:97,0
DA:118,0
LF:14
LH:0
BRDA:11,0,0,0
BRDA:11,0,1,0
BRDA:13,1,0,0
BRDA:13,1,1,0
BRDA:41,2,0,0
BRDA:41,2,1,0
BRDA:44,3,0,0
BRDA:44,3,1,0
BRF:8
BRH:0
end_of_record
TN:
SF:src/pages/CheckoutPage.tsx
FN:8,(anonymous_0)
FN:30,(anonymous_1)
FN:36,(anonymous_2)
FN:43,(anonymous_3)
FN:47,(anonymous_4)
FN:50,(anonymous_5)
FN:66,(anonymous_6)
FN:121,(anonymous_7)
FN:141,(anonymous_8)
FN:306,(anonymous_9)
FNF:10
FNH:0
FNDA:0,(anonymous_0)
FNDA:0,(anonymous_1)
FNDA:0,(anonymous_2)
FNDA:0,(anonymous_3)
FNDA:0,(anonymous_4)
FNDA:0,(anonymous_5)
FNDA:0,(anonymous_6)
FNDA:0,(anonymous_7)
FNDA:0,(anonymous_8)
FNDA:0,(anonymous_9)
DA:8,0
DA:9,0
DA:10,0
DA:11,0
DA:12,0
DA:13,0
DA:30,0
DA:31,0
DA:34,0
DA:35,0
DA:36,0
DA:37,0
DA:41,0
DA:42,0
DA:43,0
DA:44,0
DA:47,0
DA:50,0
DA:52,0
DA:53,0
DA:54,0
DA:58,0
DA:59,0
DA:60,0
DA:63,0
DA:66,0
DA:67,0
DA:69,0
DA:70,0
DA:71,0
DA:74,0
DA:75,0
DA:78,0
DA:80,0
DA:82,0
DA:84,0
DA:86,0
DA:99,0
DA:100,0
DA:102,0
DA:103,0
DA:105,0
DA:108,0
DA:109,0
DA:111,0
DA:115,0
DA:116,0
DA:121,0
DA:131,0
DA:142,0
DA:307,0
LF:51
LH:0
BRDA:14,0,0,0
BRDA:14,0,1,0
BRDA:15,1,0,0
BRDA:15,1,1,0
BRDA:16,2,0,0
BRDA:16,2,1,0
BRDA:34,3,0,0
BRDA:34,3,1,0
BRDA:41,4,0,0
BRDA:41,4,1,0
BRDA:52,5,0,0
BRDA:52,5,1,0
BRDA:58,6,0,0
BRDA:58,6,1,0
BRDA:69,7,0,0
BRDA:69,7,1,0
BRDA:74,8,0,0
BRDA:74,8,1,0
BRDA:84,9,0,0
BRDA:84,9,1,0
BRDA:115,10,0,0
BRDA:115,10,1,0
BRDA:152,11,0,0
BRDA:152,11,1,0
BRDA:153,12,0,0
BRDA:153,12,1,0
BRDA:383,13,0,0
BRDA:383,13,1,0
BRDA:388,14,0,0
BRDA:388,14,1,0
BRF:30
BRH:0
end_of_record
TN:
SF:src/pages/HomePage.tsx
FN:7,(anonymous_0)
FN:12,(anonymous_1)
FN:13,(anonymous_2)
FN:73,(anonymous_3)
FN:99,(anonymous_4)
FNF:5
FNH:0
FNDA:0,(anonymous_0)
FNDA:0,(anonymous_1)
FNDA:0,(anonymous_2)
FNDA:0,(anonymous_3)
FNDA:0,(anonymous_4)
DA:7,0
DA:8,0
DA:9,0
DA:10,0
DA:12,0
DA:13,0
DA:14,0
DA:15,0
DA:16,0
DA:20,0
DA:21,0
DA:23,0
DA:25,0
DA:29,0
DA:32,0
DA:33,0
DA:43,0
DA:74,0
DA:100,0
LF:19
LH:0
BRDA:32,0,0,0
BRDA:32,0,1,0
BRDA:68,1,0,0
BRDA:68,1,1,0
BRDA:78,2,0,0
BRDA:78,2,1,0
BRDA:107,3,0,0
BRDA:107,3,1,0
BRDA:121,4,0,0
BRDA:121,4,1,0
BRF:10
BRH:0
end_of_record
TN:
SF:src/pages/LoginPage.tsx
FN:5,(anonymous_0)
FN:15,(anonymous_1)
FN:29,(anonymous_2)
FN:48,(anonymous_3)
FNF:4
FNH:0
FNDA:0,(anonymous_0)
FNDA:0,(anonymous_1)
FNDA:0,(anonymous_2)
FNDA:0,(anonymous_3)
DA:5,0
DA:6,0
DA:7,0
DA:8,0
DA:12,0
DA:13,0
DA:15,0
DA:16,0
DA:21,0
DA:22,0
DA:29,0
DA:30,0
DA:32,0
DA:33,0
DA:34,0
DA:35,0
DA:38,0
DA:39,0
DA:40,0
DA:41,0
DA:44,0
DA:45,0
DA:48,0
DA:49,0
DA:51,0
DA:53,0
DA:54,0
DA:55,0
DA:56,0
DA:58,0
DA:62,0
DA:66,0
LF:32
LH:0
BRDA:21,0,0,0
BRDA:21,0,1,0
BRDA:32,1,0,0
BRDA:32,1,1,0
BRDA:34,2,0,0
BRDA:34,2,1,0
BRDA:38,3,0,0
BRDA:38,3,1,0
BRDA:40,4,0,0
BRDA:40,4,1,0
BRDA:51,5,0,0
BRDA:51,5,1,0
BRDA:59,6,0,0
BRDA:59,6,1,0
BRDA:82,7,0,0
BRDA:82,7,1,0
BRDA:99,8,0,0
BRDA:99,8,1,0
BRDA:104,9,0,0
BRDA:104,9,1,0
BRDA:119,10,0,0
BRDA:119,10,1,0
BRDA:124,11,0,0
BRDA:124,11,1,0
BRDA:155,12,0,0
BRDA:155,12,1,0
BRDA:160,13,0,0
BRDA:160,13,1,0
BRF:28
BRH:0
end_of_record
TN:
SF:src/pages/OffersPage.tsx
FN:6,(anonymous_0)
FN:10,(anonymous_1)
FN:11,(anonymous_2)
FN:57,(anonymous_3)
FNF:4
FNH:0
FNDA:0,(anonymous_0)
FNDA:0,(anonymous_1)
FNDA:0,(anonymous_2)
FNDA:0,(anonymous_3)
DA:6,0
DA:7,0
DA:8,0
DA:10,0
DA:11,0
DA:12,0
DA:13,0
DA:14,0
DA:15,0
DA:17,0
DA:19,0
DA:23,0
DA:26,0
DA:27,0
DA:34,0
DA:35,0
DA:51,0
DA:58,0
LF:18
LH:0
BRDA:26,0,0,0
BRDA:26,0,1,0
BRDA:34,1,0,0
BRDA:34,1,1,0
BRDA:62,2,0,0
BRDA:62,2,1,0
BRDA:73,3,0,0
BRDA:73,3,1,0
BRDA:83,4,0,0
BRDA:83,4,1,0
BRDA:86,5,0,0
BRDA:86,5,1,0
BRDA:86,5,2,0
BRDA:95,6,0,0
BRDA:95,6,1,0
BRF:15
BRH:0
end_of_record
TN:
SF:src/pages/OrderHistoryPage.tsx
FN:25,(anonymous_0)
FN:30,(anonymous_1)
FN:31,(anonymous_2)
FN:47,(anonymous_3)
FN:64,(anonymous_4)
FN:106,(anonymous_5)
FN:135,(anonymous_6)
FNF:7
FNH:0
FNDA:0,(anonymous_0)
FNDA:0,(anonymous_1)
FNDA:0,(anonymous_2)
FNDA:0,(anonymous_3)
FNDA:0,(anonymous_4)
FNDA:0,(anonymous_5)
FNDA:0,(anonymous_6)
DA:25,0
DA:26,0
DA:27,0
DA:28,0
DA:30,0
DA:31,0
DA:32,0
DA:33,0
DA:34,0
DA:36,0
DA:38,0
DA:42,0
DA:43,0
DA:47,0
DA:48,0
DA:50,0
DA:52,0
DA:54,0
DA:56,0
DA:58,0
DA:60,0
DA:64,0
DA:65,0
DA:67,0
DA:69,0
DA:71,0
DA:73,0
DA:77,0
DA:78,0
DA:85,0
DA:86,0
DA:93,0
DA:107,0
DA:136,0
LF:34
LH:0
BRDA:42,0,0,0
BRDA:42,0,1,0
BRDA:48,1,0,0
BRDA:48,1,1,0
BRDA:48,1,2,0
BRDA:48,1,3,0
BRDA:48,1,4,0
BRDA:48,1,5,0
BRDA:65,2,0,0
BRDA:65,2,1,0
BRDA:65,2,2,0
BRDA:65,2,3,0
BRDA:77,3,0,0
BRDA:77,3,1,0
BRDA:85,4,0,0
BRDA:85,4,1,0
BRDA:97,5,0,0
BRDA:97,5,1,0
BRDA:163,6,0,0
BRDA:163,6,1,0
BRDA:166,7,0,0
BRDA:166,7,1,0
BRDA:178,8,0,0
BRDA:178,8,1,0
BRDA:183,9,0,0
BRDA:183,9,1,0
BRF:26
BRH:0
end_of_record
TN:
SF:src/pages/ProductDetailPage.tsx
FN:7,(anonymous_0)
FN:18,(anonymous_1)
FN:24,(anonymous_2)
FN:44,(anonymous_3)
FN:56,(anonymous_4)
FN:102,(anonymous_5)
FN:105,(anonymous_6)
FN:157,(anonymous_7)
FN:160,(anonymous_8)
FN:179,(anonymous_9)
FN:182,(anonymous_10)
FN:201,(anonymous_11)
FN:208,(anonymous_12)
FNF:13
FNH:0
FNDA:0,(anonymous_0)
FNDA:0,(anonymous_1)
FNDA:0,(anonymous_2)
FNDA:0,(anonymous_3)
FNDA:0,(anonymous_4)
FNDA:0,(anonymous_5)
FNDA:0,(anonymous_6)
FNDA:0,(anonymous_7)
FNDA:0,(anonymous_8)
FNDA:0,(anonymous_9)
FNDA:0,(anonymous_10)
FNDA:0,(anonymous_11)
FNDA:0,(anonymous_12)
DA:7,0
DA:8,0
DA:9,0
DA:10,0
DA:11,0
DA:12,0
DA:13,0
DA:14,0
DA:16,0
DA:18,0
DA:19,0
DA:20,0
DA:24,0
DA:25,0
DA:26,0
DA:27,0
DA:28,0
DA:29,0
DA:30,0
DA:31,0
DA:33,0
DA:34,0
DA:38,0
DA:40,0
DA:44,0
DA:45,0
DA:47,0
DA:48,0
DA:49,0
DA:51,0
DA:52,0
DA:56,0
DA:57,0
DA:58,0
DA:62,0
DA:63,0
DA:70,0
DA:71,0
DA:86,0
DA:103,0
DA:105,0
DA:158,0
DA:160,0
DA:180,0
DA:182,0
DA:201,0
DA:208,0
LF:47
LH:0
BRDA:19,0,0,0
BRDA:19,0,1,0
BRDA:28,1,0,0
BRDA:28,1,1,0
BRDA:30,2,0,0
BRDA:30,2,1,0
BRDA:33,3,0,0
BRDA:33,3,1,0
BRDA:45,4,0,0
BRDA:45,4,1,0
BRDA:57,5,0,0
BRDA:57,5,1,0
BRDA:57,6,0,0
BRDA:57,6,1,0
BRDA:57,7,0,0
BRDA:57,7,1,0
BRDA:62,8,0,0
BRDA:62,8,1,0
BRDA:70,9,0,0
BRDA:70,9,1,0
BRDA:100,10,0,0
BRDA:100,10,1,0
BRDA:107,11,0,0
BRDA:107,11,1,0
BRDA:139,12,0,0
BRDA:139,12,1,0
BRDA:144,13,0,0
BRDA:144,13,1,0
BRDA:153,14,0,0
BRDA:153,14,1,0
BRDA:162,15,0,0
BRDA:162,15,1,0
BRDA:175,16,0,0
BRDA:175,16,1,0
BRDA:184,17,0,0
BRDA:184,17,1,0
BRDA:223,18,0,0
BRDA:223,18,1,0
BRDA:228,19,0,0
BRDA:228,19,1,0
BRF:40
BRH:0
end_of_record
TN:
SF:src/pages/ProductListPage.tsx
FN:7,(anonymous_0)
FN:22,(anonymous_1)
FN:26,(anonymous_2)
FN:30,(anonymous_3)
FN:39,(anonymous_4)
FN:51,(anonymous_5)
FN:52,(anonymous_6)
FN:55,(anonymous_7)
FN:65,(anonymous_8)
FN:99,(anonymous_9)
FN:109,(anonymous_10)
FN:112,(anonymous_11)
FN:127,(anonymous_12)
FN:139,(anonymous_13)
FN:151,(anonymous_14)
FN:162,(anonymous_15)
FN:188,(anonymous_16)
FN:233,(anonymous_17)
FNF:18
FNH:0
FNDA:0,(anonymous_0)
FNDA:0,(anonymous_1)
FNDA:0,(anonymous_2)
FNDA:0,(anonymous_3)
FNDA:0,(anonymous_4)
FNDA:0,(anonymous_5)
FNDA:0,(anonymous_6)
FNDA:0,(anonymous_7)
FNDA:0,(anonymous_8)
FNDA:0,(anonymous_9)
FNDA:0,(anonymous_10)
FNDA:0,(anonymous_11)
FNDA:0,(anonymous_12)
FNDA:0,(anonymous_13)
FNDA:0,(anonymous_14)
FNDA:0,(anonymous_15)
FNDA:0,(anonymous_16)
FNDA:0,(anonymous_17)
DA:7,0
DA:8,0
DA:9,0
DA:10,0
DA:11,0
DA:20,0
DA:22,0
DA:23,0
DA:26,0
DA:27,0
DA:30,0
DA:31,0
DA:32,0
DA:33,0
DA:35,0
DA:39,0
DA:40,0
DA:41,0
DA:42,0
DA:43,0
DA:45,0
DA:47,0
DA:51,0
DA:52,0
DA:55,0
DA:56,0
DA:57,0
DA:58,0
DA:60,0
DA:61,0
DA:65,0
DA:66,0
DA:76,0
DA:77,0
DA:84,0
DA:99,0
DA:109,0
DA:113,0
DA:127,0
DA:139,0
DA:151,0
DA:162,0
DA:189,0
DA:233,0
LF:44
LH:0
BRDA:76,0,0,0
BRDA:76,0,1,0
BRDA:181,1,0,0
BRDA:181,1,1,0
BRDA:196,2,0,0
BRDA:196,2,1,0
BRDA:211,3,0,0
BRDA:211,3,1,0
BRF:8
BRH:0
end_of_record
TN:
SF:src/pages/ProfilePage.tsx
FN:19,(anonymous_0)
FN:37,(anonymous_1)
FN:41,(anonymous_2)
FN:50,(anonymous_3)
FN:57,(anonymous_4)
FN:108,(anonymous_5)
FN:120,(anonymous_6)
FN:134,(anonymous_7)
FN:147,(anonymous_8)
FN:160,(anonymous_9)
FN:173,(anonymous_10)
FN:184,(anonymous_11)
FN:198,(anonymous_12)
FN:209,(anonymous_13)
FNF:14
FNH:0
FNDA:0,(anonymous_0)
FNDA:0,(anonymous_1)
FNDA:0,(anonymous_2)
FNDA:0,(anonymous_3)
FNDA:0,(anonymous_4)
FNDA:0,(anonymous_5)
FNDA:0,(anonymous_6)
FNDA:0,(anonymous_7)
FNDA:0,(anonymous_8)
FNDA:0,(anonymous_9)
FNDA:0,(anonymous_10)
FNDA:0,(anonymous_11)
FNDA:0,(anonymous_12)
FNDA:0,(anonymous_13)
DA:19,0
DA:20,0
DA:21,0
DA:22,0
DA:23,0
DA:37,0
DA:38,0
DA:39,0
DA:40,0
DA:41,0
DA:50,0
DA:57,0
DA:58,0
DA:59,0
DA:60,0
DA:62,0
DA:63,0
DA:64,0
DA:66,0
DA:68,0
DA:72,0
DA:73,0
DA:80,0
DA:108,0
DA:120,0
DA:134,0
DA:147,0
DA:160,0
DA:173,0
DA:184,0
DA:198,0
DA:209,0
LF:32
LH:0
BRDA:24,0,0,0
BRDA:24,0,1,0
BRDA:25,1,0,0
BRDA:25,1,1,0
BRDA:26,2,0,0
BRDA:26,2,1,0
BRDA:27,3,0,0
BRDA:27,3,1,0
BRDA:29,4,0,0
BRDA:29,4,1,0
BRDA:30,5,0,0
BRDA:30,5,1,0
BRDA:31,6,0,0
BRDA:31,6,1,0
BRDA:32,7,0,0
BRDA:32,7,1,0
BRDA:33,8,0,0
BRDA:33,8,1,0
BRDA:38,9,0,0
BRDA:38,9,1,0
BRDA:40,10,0,0
BRDA:40,10,1,0
BRDA:66,11,0,0
BRDA:66,11,1,0
BRDA:72,12,0,0
BRDA:72,12,1,0
BRDA:89,13,0,0
BRDA:89,13,1,0
BRDA:91,14,0,0
BRDA:91,14,1,0
BRDA:217,15,0,0
BRDA:217,15,1,0
BRDA:219,16,0,0
BRDA:219,16,1,0
BRDA:236,17,0,0
BRDA:236,17,1,0
BRDA:243,18,0,0
BRDA:243,18,1,0
BRDA:250,19,0,0
BRDA:250,19,1,0
BRF:40
BRH:0
end_of_record
TN:
SF:src/pages/RegisterPage.tsx
FN:5,(anonymous_0)
FN:18,(anonymous_1)
FN:32,(anonymous_2)
FN:65,(anonymous_3)
FNF:4
FNH:0
FNDA:0,(anonymous_0)
FNDA:0,(anonymous_1)
FNDA:0,(anonymous_2)
FNDA:0,(anonymous_3)
DA:5,0
DA:6,0
DA:7,0
DA:8,0
DA:15,0
DA:16,0
DA:18,0
DA:19,0
DA:24,0
DA:25,0
DA:32,0
DA:33,0
DA:35,0
DA:36,0
DA:39,0
DA:40,0
DA:43,0
DA:44,0
DA:45,0
DA:46,0
DA:49,0
DA:50,0
DA:51,0
DA:52,0
DA:55,0
DA:56,0
DA:57,0
DA:58,0
DA:61,0
DA:62,0
DA:65,0
DA:66,0
DA:68,0
DA:70,0
DA:71,0
DA:72,0
DA:78,0
DA:80,0
DA:84,0
DA:88,0
LF:40
LH:0
BRDA:24,0,0,0
BRDA:24,0,1,0
BRDA:35,1,0,0
BRDA:35,1,1,0
BRDA:39,2,0,0
BRDA:39,2,1,0
BRDA:43,3,0,0
BRDA:43,3,1,0
BRDA:45,4,0,0
BRDA:45,4,1,0
BRDA:49,5,0,0
BRDA:49,5,1,0
BRDA:51,6,0,0
BRDA:51,6,1,0
BRDA:55,7,0,0
BRDA:55,7,1,0
BRDA:57,8,0,0
BRDA:57,8,1,0
BRDA:68,9,0,0
BRDA:68,9,1,0
BRDA:81,10,0,0
BRDA:81,10,1,0
BRDA:104,11,0,0
BRDA:104,11,1,0
BRDA:122,12,0,0
BRDA:122,12,1,0
BRDA:127,13,0,0
BRDA:127,13,1,0
BRDA:142,14,0,0
BRDA:142,14,1,0
BRDA:147,15,0,0
BRDA:147,15,1,0
BRDA:163,16,0,0
BRDA:163,16,1,0
BRDA:168,17,0,0
BRDA:168,17,1,0
BRDA:183,18,0,0
BRDA:183,18,1,0
BRDA:188,19,0,0
BRDA:188,19,1,0
BRDA:203,20,0,0
BRDA:203,20,1,0
BRDA:208,21,0,0
BRDA:208,21,1,0
BRDA:219,22,0,0
BRDA:219,22,1,0
BRDA:224,23,0,0
BRDA:224,23,1,0
BRF:48
BRH:0
end_of_record
TN:
SF:src/services/api.ts
FN:6,(anonymous_0)
FN:10,(anonymous_1)
FN:14,(anonymous_2)
FN:18,(anonymous_3)
FN:25,(anonymous_4)
FN:29,(anonymous_5)
FN:33,(anonymous_6)
FN:37,(anonymous_7)
FN:41,(anonymous_8)
FN:48,(anonymous_9)
FN:52,(anonymous_10)
FN:59,(anonymous_11)
FN:66,(anonymous_12)
FN:70,(anonymous_13)
FN:74,(anonymous_14)
FN:81,(anonymous_15)
FN:83,(anonymous_16)
FN:89,(anonymous_17)
FN:91,(anonymous_18)
FNF:19
FNH:1
FNDA:0,(anonymous_0)
FNDA:0,(anonymous_1)
FNDA:0,(anonymous_2)
FNDA:0,(anonymous_3)
FNDA:7,(anonymous_4)
FNDA:0,(anonymous_5)
FNDA:0,(anonymous_6)
FNDA:0,(anonymous_7)
FNDA:0,(anonymous_8)
FNDA:0,(anonymous_9)
FNDA:0,(anonymous_10)
FNDA:0,(anonymous_11)
FNDA:0,(anonymous_12)
FNDA:0,(anonymous_13)
FNDA:0,(anonymous_14)
FNDA:0,(anonymous_15)
FNDA:0,(anonymous_16)
FNDA:0,(anonymous_17)
FNDA:0,(anonymous_18)
DA:5,3
DA:7,0
DA:11,0
DA:15,0
DA:19,0
DA:24,3
DA:26,7
DA:30,0
DA:34,0
DA:38,0
DA:42,0
DA:47,3
DA:49,0
DA:53,0
DA:58,3
DA:60,0
DA:65,3
DA:67,0
DA:71,0
DA:75,0
DA:80,3
DA:83,0
DA:84,0
DA:91,0
DA:92,0
LF:25
LH:7
BRF:0
BRH:0
end_of_record
TN:
SF:src/utils/test-utils.tsx
FN:8,render
FN:15,(anonymous_1)
FNF:2
FNH:2
FNDA:1,render
FNDA:1,(anonymous_1)
DA:15,1
DA:16,1
DA:25,1
LF:3
LH:3
BRDA:10,0,0,1
BRDA:11,1,0,1
BRF:2
BRH:2
end_of_record
